[backblue.gif]
[fade.gif]
[index.html]
[cdn.myportfolio.com/c8489c04-75f1-4bdc-b062-ae01d51f5d5a/e6d7235b-f26a-45d3-80bb-db671b063bf8_carw_1x1x326cc7.png]
[cdn.myportfolio.com/c8489c04-75f1-4bdc-b062-ae01d51f5d5a/c9c0063f-e0d9-409f-8d0d-b8dd64749eaa_rwc_0x0x139x90x4096e7d3.png]
[cdn.myportfolio.com/c8489c04-75f1-4bdc-b062-ae01d51f5d5a/9738a0ad-698d-4f9e-ac7b-f4b5791c5ded_rwc_0x0x1244x1656x3218bb.png]
[cdn.myportfolio.com/c8489c04-75f1-4bdc-b062-ae01d51f5d5a/9738a0ad-698d-4f9e-ac7b-f4b5791c5ded_rwc_0x0x1244x1656x12443220.png]
[use.typekit.net/ik/x6GUpkndnsB4lrDkqClgcNMtmdtpd1giLmTZg2T2ByjfezqgfHYEBsJzwD9oFDIDWDi8ZRMojQ8KjcFq5QJh5AZKwRJUwc9XZQwuZeJUwDI3Fcjtjc4KF2w-yMI7OcuoSeNkieZzde8zOcFzdP37O1gkdDJlic88ikolpWgzS1scdhUTdkoRdhXCHKokZAoXpKoRdhX0]
[cdn.myportfolio.com/c8489c04-75f1-4bdc-b062-ae01d51f5d5a/64369ebe-d9d7-474f-ba6b-e8f54da572b4_rwc_0x0x1244x1656x3215c9.gif]
[cdn.myportfolio.com/c8489c04-75f1-4bdc-b062-ae01d51f5d5a/64369ebe-d9d7-474f-ba6b-e8f54da572b4_rwc_0x0x1244x1656x1244c2a2.gif]
[cdn.myportfolio.com/c8489c04-75f1-4bdc-b062-ae01d51f5d5a/2ff2465a-dad8-44b1-8984-2795347ca95f_rwc_0x0x1244x1656x32d0bb.png]
[cdn.myportfolio.com/c8489c04-75f1-4bdc-b062-ae01d51f5d5a/2ff2465a-dad8-44b1-8984-2795347ca95f_rwc_0x0x1244x1656x1244b3e0.png]
[cdn.myportfolio.com/c8489c04-75f1-4bdc-b062-ae01d51f5d5a/2fd05462-bfe4-425f-a5c0-2bf47941914e_rwc_0x0x1244x1656x326838.gif]
[cdn.myportfolio.com/c8489c04-75f1-4bdc-b062-ae01d51f5d5a/2fd05462-bfe4-425f-a5c0-2bf47941914e_rwc_0x0x1244x1656x1244cd5f.gif]
[cdn.myportfolio.com/c8489c04-75f1-4bdc-b062-ae01d51f5d5a/9764acbb-47e9-41c6-9a84-e5dadf78dbc8_rwc_0x0x1244x1656x323862.gif]
[cdn.myportfolio.com/c8489c04-75f1-4bdc-b062-ae01d51f5d5a/9764acbb-47e9-41c6-9a84-e5dadf78dbc8_rwc_0x0x1244x1656x1244bca7.gif]
[cdn.myportfolio.com/c8489c04-75f1-4bdc-b062-ae01d51f5d5a/56966d5d-e46b-4d4b-ae06-9c9b9c0d6236_rwc_0x0x1244x1656x32efa6.png]
[cdn.myportfolio.com/c8489c04-75f1-4bdc-b062-ae01d51f5d5a/56966d5d-e46b-4d4b-ae06-9c9b9c0d6236_rwc_0x0x1244x1656x1244e4fb.png]
[cdn.myportfolio.com/c8489c04-75f1-4bdc-b062-ae01d51f5d5a/82677979-1de3-4522-a757-1bc335e72ac8_rwc_0x0x1244x1656x3253e6.png]
[cdn.myportfolio.com/c8489c04-75f1-4bdc-b062-ae01d51f5d5a/82677979-1de3-4522-a757-1bc335e72ac8_rwc_0x0x1244x1656x1244950d.png]
[cdn.myportfolio.com/c8489c04-75f1-4bdc-b062-ae01d51f5d5a/28c824e5-e718-4bc2-be30-32854afae933_rwc_0x0x1244x1656x321143.png]
[cdn.myportfolio.com/c8489c04-75f1-4bdc-b062-ae01d51f5d5a/28c824e5-e718-4bc2-be30-32854afae933_rwc_0x0x1244x1656x124488e8.png]
[cdn.myportfolio.com/c8489c04-75f1-4bdc-b062-ae01d51f5d5a/c1b99eb6-67e0-4f66-97c7-a38aeb4daad1_rwc_0x0x1244x1656x32baef.png]
[cdn.myportfolio.com/c8489c04-75f1-4bdc-b062-ae01d51f5d5a/c1b99eb6-67e0-4f66-97c7-a38aeb4daad1_rwc_0x0x1244x1656x12443075.png]
[cdn.myportfolio.com/c8489c04-75f1-4bdc-b062-ae01d51f5d5a/37f2a2ab-2a0f-429e-9967-6a3088f99c2b_rwc_0x0x1244x1656x32ced7.gif]
[cdn.myportfolio.com/c8489c04-75f1-4bdc-b062-ae01d51f5d5a/37f2a2ab-2a0f-429e-9967-6a3088f99c2b_rwc_0x0x1244x1656x124450dc.gif]
[cdn.myportfolio.com/c8489c04-75f1-4bdc-b062-ae01d51f5d5a/0da38db3-a6d5-47b9-ac2e-7cb682411edd_rwc_0x0x1244x1656x329bb2.png]
[cdn.myportfolio.com/c8489c04-75f1-4bdc-b062-ae01d51f5d5a/0da38db3-a6d5-47b9-ac2e-7cb682411edd_rwc_0x0x1244x1656x1244155d.png]
[cdn.myportfolio.com/c8489c04-75f1-4bdc-b062-ae01d51f5d5a/9c729595-16b8-4c33-abf9-2f30d10ce66f_rwc_0x0x1244x1656x32c514.gif]
[cdn.myportfolio.com/c8489c04-75f1-4bdc-b062-ae01d51f5d5a/9c729595-16b8-4c33-abf9-2f30d10ce66f_rwc_0x0x1244x1656x1244bdf0.gif]
[cdn.myportfolio.com/c8489c04-75f1-4bdc-b062-ae01d51f5d5a/226ac084-4686-4833-92fd-b14fbdcfd562_rwc_0x0x1244x1656x325151.gif]
[cdn.myportfolio.com/c8489c04-75f1-4bdc-b062-ae01d51f5d5a/226ac084-4686-4833-92fd-b14fbdcfd562_rwc_0x0x1244x1656x1244666a.gif]
[cdn.myportfolio.com/c8489c04-75f1-4bdc-b062-ae01d51f5d5a/0063f93d-6608-4ddc-b1ed-c0bcce8dee2a_rwc_0x0x1244x1656x327283.png]
[cdn.myportfolio.com/c8489c04-75f1-4bdc-b062-ae01d51f5d5a/0063f93d-6608-4ddc-b1ed-c0bcce8dee2a_rwc_0x0x1244x1656x12446c19.png]
[cdn.myportfolio.com/c8489c04-75f1-4bdc-b062-ae01d51f5d5a/d9eb7255-f376-41ee-b74e-c7db2efa2f7a_rwc_0x0x1244x1656x320b7c.png]
[cdn.myportfolio.com/c8489c04-75f1-4bdc-b062-ae01d51f5d5a/d9eb7255-f376-41ee-b74e-c7db2efa2f7a_rwc_0x0x1244x1656x1244d342.png]
[cdn.myportfolio.com/c8489c04-75f1-4bdc-b062-ae01d51f5d5a/df34ab4e-d2fd-4160-80a3-5cfad77d0cbc_rwc_0x0x1244x1656x329c02.png]
[cdn.myportfolio.com/c8489c04-75f1-4bdc-b062-ae01d51f5d5a/df34ab4e-d2fd-4160-80a3-5cfad77d0cbc_rwc_0x0x1244x1656x124467ea.png]
[cdn.myportfolio.com/c8489c04-75f1-4bdc-b062-ae01d51f5d5a/6769d6cc-3031-4da4-8745-3e6a1267ab64_rwc_0x0x1244x1656x32a5d0.gif]
[cdn.myportfolio.com/c8489c04-75f1-4bdc-b062-ae01d51f5d5a/6769d6cc-3031-4da4-8745-3e6a1267ab64_rwc_0x0x1244x1656x1244006d.gif]
[cdn.myportfolio.com/c8489c04-75f1-4bdc-b062-ae01d51f5d5a/f83bbe98-7e07-43ae-83b4-e467cee6917e_rwc_0x0x1244x1656x323b5d.png]
[cdn.myportfolio.com/c8489c04-75f1-4bdc-b062-ae01d51f5d5a/f83bbe98-7e07-43ae-83b4-e467cee6917e_rwc_0x0x1244x1656x124496bb.png]
[cdn.myportfolio.com/c8489c04-75f1-4bdc-b062-ae01d51f5d5a/dd25e655-a377-4193-91f7-307ca0f0c2c8_rwc_0x0x1244x1656x32eaf5.png]
[cdn.myportfolio.com/c8489c04-75f1-4bdc-b062-ae01d51f5d5a/dd25e655-a377-4193-91f7-307ca0f0c2c8_rwc_0x0x1244x1656x1244a321.png]
[cdn.myportfolio.com/c8489c04-75f1-4bdc-b062-ae01d51f5d5a/2f08331b-133f-4d3d-b219-0d33988d139e_rwc_0x0x1244x1656x329e24.png]
[cdn.myportfolio.com/c8489c04-75f1-4bdc-b062-ae01d51f5d5a/2f08331b-133f-4d3d-b219-0d33988d139e_rwc_0x0x1244x1656x124436ab.png]
[cdn.myportfolio.com/c8489c04-75f1-4bdc-b062-ae01d51f5d5a/93025da9-ba84-4f32-8413-c2afbf75afa9_rwc_0x0x1244x1656x324c5b.png]
[cdn.myportfolio.com/c8489c04-75f1-4bdc-b062-ae01d51f5d5a/93025da9-ba84-4f32-8413-c2afbf75afa9_rwc_0x0x1244x1656x1244387d.png]
[cdn.myportfolio.com/c8489c04-75f1-4bdc-b062-ae01d51f5d5a/39f2e29f-071d-472d-bfe4-91875a6b2f41_rwc_0x0x1244x1656x321910.png]
[cdn.myportfolio.com/c8489c04-75f1-4bdc-b062-ae01d51f5d5a/39f2e29f-071d-472d-bfe4-91875a6b2f41_rwc_0x0x1244x1656x12445b01.png]
[cdn.myportfolio.com/c8489c04-75f1-4bdc-b062-ae01d51f5d5a/5efaca96-8be8-478d-bf4e-2f96f36b2931_rwc_0x0x1244x1656x32192a.png]
[cdn.myportfolio.com/c8489c04-75f1-4bdc-b062-ae01d51f5d5a/5efaca96-8be8-478d-bf4e-2f96f36b2931_rwc_0x0x1244x1656x12443db0.png]
[cdn.myportfolio.com/c8489c04-75f1-4bdc-b062-ae01d51f5d5a/4a0bb225-1d32-4233-90ba-61ddf6989f5f_rwc_0x0x1244x1656x328bbe.png]
[cdn.myportfolio.com/c8489c04-75f1-4bdc-b062-ae01d51f5d5a/4a0bb225-1d32-4233-90ba-61ddf6989f5f_rwc_0x0x1244x1656x12448738.png]
[cdn.myportfolio.com/c8489c04-75f1-4bdc-b062-ae01d51f5d5a/9bedcc62-81dd-4294-b104-ef3e9e16bb32_rwc_0x0x1244x1656x320d06.png]
[cdn.myportfolio.com/c8489c04-75f1-4bdc-b062-ae01d51f5d5a/9bedcc62-81dd-4294-b104-ef3e9e16bb32_rwc_0x0x1244x1656x1244ca50.png]
[cdn.myportfolio.com/c8489c04-75f1-4bdc-b062-ae01d51f5d5a/309cb14f-d4d6-4331-b55f-7ca551b921a0_rwc_0x0x1244x1656x327644.png]
[cdn.myportfolio.com/c8489c04-75f1-4bdc-b062-ae01d51f5d5a/309cb14f-d4d6-4331-b55f-7ca551b921a0_rwc_0x0x1244x1656x12447de2.png]
[cdn.myportfolio.com/c8489c04-75f1-4bdc-b062-ae01d51f5d5a/0a5c0f04-8382-47b8-8a2c-b7743d89af52_rwc_0x0x1244x1656x32a7a3.png]
[cdn.myportfolio.com/c8489c04-75f1-4bdc-b062-ae01d51f5d5a/0a5c0f04-8382-47b8-8a2c-b7743d89af52_rwc_0x0x1244x1656x1244839b.png]
[cdn.myportfolio.com/c8489c04-75f1-4bdc-b062-ae01d51f5d5a/b531df09-208a-4388-ae8b-c0a6c9e9e1ed_rwc_0x0x1244x1656x326d28.png]
[cdn.myportfolio.com/c8489c04-75f1-4bdc-b062-ae01d51f5d5a/b531df09-208a-4388-ae8b-c0a6c9e9e1ed_rwc_0x0x1244x1656x124436a0.png]
[cdn.myportfolio.com/c8489c04-75f1-4bdc-b062-ae01d51f5d5a/8468c63f-3b30-413b-b9ec-0258285b9780_rwc_0x0x1244x1656x322f3b.png]
[cdn.myportfolio.com/c8489c04-75f1-4bdc-b062-ae01d51f5d5a/8468c63f-3b30-413b-b9ec-0258285b9780_rwc_0x0x1244x1656x1244f24b.png]
[cdn.myportfolio.com/c8489c04-75f1-4bdc-b062-ae01d51f5d5a/3feba5ea-7b81-4af5-be9b-6943a7533e6a_rwc_0x0x1244x1656x32acf7.gif]
[cdn.myportfolio.com/c8489c04-75f1-4bdc-b062-ae01d51f5d5a/3feba5ea-7b81-4af5-be9b-6943a7533e6a_rwc_0x0x1244x1656x1244331b.gif]
[cdn.myportfolio.com/c8489c04-75f1-4bdc-b062-ae01d51f5d5a/28f2f515-fc05-4a2d-b4d8-5b60debf3181_rwc_0x0x1244x1656x32cf91.png]
[cdn.myportfolio.com/c8489c04-75f1-4bdc-b062-ae01d51f5d5a/28f2f515-fc05-4a2d-b4d8-5b60debf3181_rwc_0x0x1244x1656x1244dbd0.png]
[cdn.myportfolio.com/c8489c04-75f1-4bdc-b062-ae01d51f5d5a/7ea92a1b-31ea-4afe-a9b1-a30ceb035a9f_rwc_0x0x1244x1656x329b55.png]
[cdn.myportfolio.com/c8489c04-75f1-4bdc-b062-ae01d51f5d5a/7ea92a1b-31ea-4afe-a9b1-a30ceb035a9f_rwc_0x0x1244x1656x12446a4d.png]
[cdn.myportfolio.com/c8489c04-75f1-4bdc-b062-ae01d51f5d5a/03630ade-9750-44e5-a6fd-eb6a8a5c2745_rwc_0x0x1244x1656x32488c.png]
[cdn.myportfolio.com/c8489c04-75f1-4bdc-b062-ae01d51f5d5a/03630ade-9750-44e5-a6fd-eb6a8a5c2745_rwc_0x0x1244x1656x1244f28b.png]
[cdn.myportfolio.com/c8489c04-75f1-4bdc-b062-ae01d51f5d5a/0601f2e3-4709-4e22-bd6b-33bbfde258fa_rwc_0x0x1244x1656x3297b4.png]
[cdn.myportfolio.com/c8489c04-75f1-4bdc-b062-ae01d51f5d5a/0601f2e3-4709-4e22-bd6b-33bbfde258fa_rwc_0x0x1244x1656x12441f57.png]
[cdn.myportfolio.com/c8489c04-75f1-4bdc-b062-ae01d51f5d5a/abff4ebc-e767-4a8c-bd1a-85be0b69a071_rwc_0x0x1244x1656x32bcc6.png]
[cdn.myportfolio.com/c8489c04-75f1-4bdc-b062-ae01d51f5d5a/abff4ebc-e767-4a8c-bd1a-85be0b69a071_rwc_0x0x1244x1656x12447d8b.png]
[cdn.myportfolio.com/c8489c04-75f1-4bdc-b062-ae01d51f5d5a/af14c1cc-b78f-47b2-b1d9-d35ba38b7296_rwc_0x0x1244x1656x32d0d3.png]
[cdn.myportfolio.com/c8489c04-75f1-4bdc-b062-ae01d51f5d5a/af14c1cc-b78f-47b2-b1d9-d35ba38b7296_rwc_0x0x1244x1656x124424d3.png]
[cdn.myportfolio.com/c8489c04-75f1-4bdc-b062-ae01d51f5d5a/4f3ac40f-c9c1-402e-863b-5b4c52be72b7_rwc_0x0x1244x1656x32c265.png]
[cdn.myportfolio.com/c8489c04-75f1-4bdc-b062-ae01d51f5d5a/4f3ac40f-c9c1-402e-863b-5b4c52be72b7_rwc_0x0x1244x1656x1244e486.png]
[cdn.myportfolio.com/c8489c04-75f1-4bdc-b062-ae01d51f5d5a/45fdcfc2-f9e5-40ff-ad88-4cb5290960cb_rwc_0x0x1244x1656x325a7b.png]
[cdn.myportfolio.com/c8489c04-75f1-4bdc-b062-ae01d51f5d5a/45fdcfc2-f9e5-40ff-ad88-4cb5290960cb_rwc_0x0x1244x1656x12445dbb.png]
[cdn.myportfolio.com/c8489c04-75f1-4bdc-b062-ae01d51f5d5a/1a61d075-b814-417e-be67-3b688ed9de8f_rwc_0x0x1244x1656x32d261.png]
[cdn.myportfolio.com/c8489c04-75f1-4bdc-b062-ae01d51f5d5a/1a61d075-b814-417e-be67-3b688ed9de8f_rwc_0x0x1244x1656x1244ae87.png]
[cdn.myportfolio.com/c8489c04-75f1-4bdc-b062-ae01d51f5d5a/11e9aa39-1a2d-460e-b036-8c33de08c95a_rwc_0x0x1244x1656x32ac77.png]
[cdn.myportfolio.com/c8489c04-75f1-4bdc-b062-ae01d51f5d5a/11e9aa39-1a2d-460e-b036-8c33de08c95a_rwc_0x0x1244x1656x12449d2c.png]
[cdn.myportfolio.com/c8489c04-75f1-4bdc-b062-ae01d51f5d5a/60e80bf0-fbb3-48f2-b68a-a904a89d6fbd_rwc_0x0x1244x1656x327d95.png]
[cdn.myportfolio.com/c8489c04-75f1-4bdc-b062-ae01d51f5d5a/60e80bf0-fbb3-48f2-b68a-a904a89d6fbd_rwc_0x0x1244x1656x1244c20a.png]
[cdn.myportfolio.com/c8489c04-75f1-4bdc-b062-ae01d51f5d5a/e1517b48-f726-4cab-8041-6f3f6813f0ca_rwc_0x0x1244x1656x32433b.png]
[cdn.myportfolio.com/c8489c04-75f1-4bdc-b062-ae01d51f5d5a/e1517b48-f726-4cab-8041-6f3f6813f0ca_rwc_0x0x1244x1656x124409dc.png]
[cdn.myportfolio.com/c8489c04-75f1-4bdc-b062-ae01d51f5d5a/9af1ae96-dfc1-479a-9fde-ee157014bd84_rwc_0x0x1244x1656x322cf9.png]
[cdn.myportfolio.com/c8489c04-75f1-4bdc-b062-ae01d51f5d5a/9af1ae96-dfc1-479a-9fde-ee157014bd84_rwc_0x0x1244x1656x1244074c.png]
[cdn.myportfolio.com/c8489c04-75f1-4bdc-b062-ae01d51f5d5a/7b9acde3-c6ee-4ac4-b2ae-54342e3f6085_rwc_0x0x1244x1656x323f5f.png]
[cdn.myportfolio.com/c8489c04-75f1-4bdc-b062-ae01d51f5d5a/7b9acde3-c6ee-4ac4-b2ae-54342e3f6085_rwc_0x0x1244x1656x1244e062.png]
[cdn.myportfolio.com/c8489c04-75f1-4bdc-b062-ae01d51f5d5a/36dff862-d3f0-4f4b-b29a-9d965bb2e7c4_rwc_0x0x1244x1656x323b5e.png]
[cdn.myportfolio.com/c8489c04-75f1-4bdc-b062-ae01d51f5d5a/36dff862-d3f0-4f4b-b29a-9d965bb2e7c4_rwc_0x0x1244x1656x12444f42.png]
[cdn.myportfolio.com/c8489c04-75f1-4bdc-b062-ae01d51f5d5a/224d5889-a75d-4315-9545-fa619d4f58dc_rwc_0x0x1244x1656x329e74.png]
[cdn.myportfolio.com/c8489c04-75f1-4bdc-b062-ae01d51f5d5a/224d5889-a75d-4315-9545-fa619d4f58dc_rwc_0x0x1244x1656x1244282c.png]
[cdn.myportfolio.com/c8489c04-75f1-4bdc-b062-ae01d51f5d5a/7a14e6e5-6d58-4f4c-af0b-b2caae94dd62_rwc_0x0x1244x1656x326a25.png]
[cdn.myportfolio.com/c8489c04-75f1-4bdc-b062-ae01d51f5d5a/7a14e6e5-6d58-4f4c-af0b-b2caae94dd62_rwc_0x0x1244x1656x124486ac.png]
[cdn.myportfolio.com/c8489c04-75f1-4bdc-b062-ae01d51f5d5a/b37bdc4c-2b2b-4aac-ba5d-3b08f766c911_rwc_0x0x1244x1656x32c1db.png]
[cdn.myportfolio.com/c8489c04-75f1-4bdc-b062-ae01d51f5d5a/b37bdc4c-2b2b-4aac-ba5d-3b08f766c911_rwc_0x0x1244x1656x1244147c.png]
[cdn.myportfolio.com/c8489c04-75f1-4bdc-b062-ae01d51f5d5a/720ff560-8bc2-4d02-a9d6-2e2826a2ca2e_rwc_0x0x1244x1656x326e6f.png]
[cdn.myportfolio.com/c8489c04-75f1-4bdc-b062-ae01d51f5d5a/720ff560-8bc2-4d02-a9d6-2e2826a2ca2e_rwc_0x0x1244x1656x1244e613.png]
[rentz.com.br/site/translations9c0e]
[rentz.com.br/dist/js/main9c0e.js]
[rentz.com.br/work.html]
[rentz.com.br/index.html]
[rentz.com.br/dist/css/main.css]
[cdn.myportfolio.com/c8489c04-75f1-4bdc-b062-ae01d51f5d5a/1c4f7dab0265f8ef97a7d5a7053e72b316984146578a48.css]
[cdn.myportfolio.com/c8489c04-75f1-4bdc-b062-ae01d51f5d5a/1e478669-c0b7-44cb-916a-e568b79ad65282a7.png]
[cdn.myportfolio.com/c8489c04-75f1-4bdc-b062-ae01d51f5d5a/1e478669-c0b7-44cb-916a-e568b79ad652_rw_1920e7cb.png]
[rentz.com.br/about.html]
[cdn.myportfolio.com/c8489c04-75f1-4bdc-b062-ae01d51f5d5a/235907e9-496e-4dfa-ae5c-da0bf8238898f69a.png]
[cdn.myportfolio.com/c8489c04-75f1-4bdc-b062-ae01d51f5d5a/235907e9-496e-4dfa-ae5c-da0bf8238898_rw_19200626.png]
[cdn.myportfolio.com/c8489c04-75f1-4bdc-b062-ae01d51f5d5a/61141313-d7ce-4fee-bc9c-e8a8fd7bc97c0622.png]
[cdn.myportfolio.com/c8489c04-75f1-4bdc-b062-ae01d51f5d5a/61141313-d7ce-4fee-bc9c-e8a8fd7bc97c_rw_192077a6.png]
[cdn.myportfolio.com/c8489c04-75f1-4bdc-b062-ae01d51f5d5a/80a95ebe-32c5-4ffa-9cf9-7f316c59f9be03dd.png]
[cdn.myportfolio.com/c8489c04-75f1-4bdc-b062-ae01d51f5d5a/80a95ebe-32c5-4ffa-9cf9-7f316c59f9be_rw_19203481.png]
[cdn.myportfolio.com/c8489c04-75f1-4bdc-b062-ae01d51f5d5a/7c4a48a8-e59c-4007-8002-07f9103ccaff5b4e.png]
[cdn.myportfolio.com/c8489c04-75f1-4bdc-b062-ae01d51f5d5a/7c4a48a8-e59c-4007-8002-07f9103ccaff_rw_1920a424.png]
[cdn.myportfolio.com/c8489c04-75f1-4bdc-b062-ae01d51f5d5a/c242ca7a-9f7d-4ec5-a5fd-e8b776b7f08efdf8.png]
[cdn.myportfolio.com/c8489c04-75f1-4bdc-b062-ae01d51f5d5a/c242ca7a-9f7d-4ec5-a5fd-e8b776b7f08e_rw_192011d3.png]
[cdn.myportfolio.com/c8489c04-75f1-4bdc-b062-ae01d51f5d5a/dee03c49-d68c-458d-af99-b9661e743f85643e.png]
[cdn.myportfolio.com/c8489c04-75f1-4bdc-b062-ae01d51f5d5a/dee03c49-d68c-458d-af99-b9661e743f85_rw_19201b5d.png]
[cdn.myportfolio.com/c8489c04-75f1-4bdc-b062-ae01d51f5d5a/3ae492c4-ab41-406a-ac73-882f6a16c519506b.png]
[cdn.myportfolio.com/c8489c04-75f1-4bdc-b062-ae01d51f5d5a/3ae492c4-ab41-406a-ac73-882f6a16c519_rw_1920f8ae.png]
[cdn.myportfolio.com/c8489c04-75f1-4bdc-b062-ae01d51f5d5a/645994ac-e18c-45b2-ba48-2ca098b8200191bc.png]
[cdn.myportfolio.com/c8489c04-75f1-4bdc-b062-ae01d51f5d5a/645994ac-e18c-45b2-ba48-2ca098b82001_rw_19203d8d.png]
[cdn.myportfolio.com/c8489c04-75f1-4bdc-b062-ae01d51f5d5a/da1e9092-bce2-4b08-b5b7-afa8f74cad7486e2.png]
[cdn.myportfolio.com/c8489c04-75f1-4bdc-b062-ae01d51f5d5a/da1e9092-bce2-4b08-b5b7-afa8f74cad74_rw_19201668.png]
[cdn.myportfolio.com/c8489c04-75f1-4bdc-b062-ae01d51f5d5a/9f9a64fb-58ce-4108-8aaf-e73e066adfd7118e.png]
[cdn.myportfolio.com/c8489c04-75f1-4bdc-b062-ae01d51f5d5a/9f9a64fb-58ce-4108-8aaf-e73e066adfd7_rw_19203166.png]
[cdn.myportfolio.com/c8489c04-75f1-4bdc-b062-ae01d51f5d5a/20e04962-51eb-47f5-b097-c726d435dbfc02de.png]
[cdn.myportfolio.com/c8489c04-75f1-4bdc-b062-ae01d51f5d5a/20e04962-51eb-47f5-b097-c726d435dbfc_rw_192060e2.png]
[cdn.myportfolio.com/c8489c04-75f1-4bdc-b062-ae01d51f5d5a/43c0d404-7221-4b96-b5e1-da0242d762fb1dbc.png]
[cdn.myportfolio.com/c8489c04-75f1-4bdc-b062-ae01d51f5d5a/43c0d404-7221-4b96-b5e1-da0242d762fb_rw_1920a928.png]
[cdn.myportfolio.com/c8489c04-75f1-4bdc-b062-ae01d51f5d5a/340f0642-81c4-4108-a88e-3a419d3c8b73f14a.png]
[cdn.myportfolio.com/c8489c04-75f1-4bdc-b062-ae01d51f5d5a/340f0642-81c4-4108-a88e-3a419d3c8b73_rw_1920decc.png]
[cdn.myportfolio.com/c8489c04-75f1-4bdc-b062-ae01d51f5d5a/665bf7c1-ebf7-4246-9748-4e02b02b9cd65245.png]
[rentz.com.br/frango-assado.html]
[cdn.myportfolio.com/c8489c04-75f1-4bdc-b062-ae01d51f5d5a/665bf7c1-ebf7-4246-9748-4e02b02b9cd6_rw_192044fe.png]
[cdn.myportfolio.com/c8489c04-75f1-4bdc-b062-ae01d51f5d5a/f59d9ffb-f746-44d3-8430-7f924572bc4f9f40.png]
[cdn.myportfolio.com/c8489c04-75f1-4bdc-b062-ae01d51f5d5a/f59d9ffb-f746-44d3-8430-7f924572bc4f_rw_1920d2b3.png]
[cdn.myportfolio.com/c8489c04-75f1-4bdc-b062-ae01d51f5d5a/c9c18553-a132-4a5d-8adc-691f9e7ff633d93c.png]
[cdn.myportfolio.com/c8489c04-75f1-4bdc-b062-ae01d51f5d5a/c9c18553-a132-4a5d-8adc-691f9e7ff633_rw_1920f9c9.png]
[cdn.myportfolio.com/c8489c04-75f1-4bdc-b062-ae01d51f5d5a/741e0a73-9236-4dc6-b610-b5fde675665085e6.png]
[cdn.myportfolio.com/c8489c04-75f1-4bdc-b062-ae01d51f5d5a/741e0a73-9236-4dc6-b610-b5fde6756650_rw_1920a5d6.png]
[cdn.myportfolio.com/c8489c04-75f1-4bdc-b062-ae01d51f5d5a/df2fb1cb-8100-42ee-95fb-9182790297cf8a24.png]
[cdn.myportfolio.com/c8489c04-75f1-4bdc-b062-ae01d51f5d5a/df2fb1cb-8100-42ee-95fb-9182790297cf_rw_19203bdd.png]
[cdn.myportfolio.com/c8489c04-75f1-4bdc-b062-ae01d51f5d5a/8e077077-06b8-4d92-bf89-08373c1b0a204210.png]
[cdn.myportfolio.com/c8489c04-75f1-4bdc-b062-ae01d51f5d5a/8e077077-06b8-4d92-bf89-08373c1b0a20_rw_1920d772.png]
[cdn.myportfolio.com/c8489c04-75f1-4bdc-b062-ae01d51f5d5a/54e72102-b73e-4ac0-88a7-e203ba94ae69c14b.png]
[cdn.myportfolio.com/c8489c04-75f1-4bdc-b062-ae01d51f5d5a/54e72102-b73e-4ac0-88a7-e203ba94ae69_rw_19202784.png]
[rentz.com.br/peraltas.html]
[cdn.myportfolio.com/c8489c04-75f1-4bdc-b062-ae01d51f5d5a/1bfecb8b-3d65-4f9b-a395-e18836363b7ccad5.png]
[cdn.myportfolio.com/c8489c04-75f1-4bdc-b062-ae01d51f5d5a/1bfecb8b-3d65-4f9b-a395-e18836363b7c_rw_19202b7d.png]
[cdn.myportfolio.com/c8489c04-75f1-4bdc-b062-ae01d51f5d5a/3982116c-adfe-4f88-9782-e45d64ed988c4197.png]
[cdn.myportfolio.com/c8489c04-75f1-4bdc-b062-ae01d51f5d5a/3982116c-adfe-4f88-9782-e45d64ed988c_rw_1920cb78.png]
[cdn.myportfolio.com/c8489c04-75f1-4bdc-b062-ae01d51f5d5a/b3bab4b7-224f-491f-81c5-12d17f891fdde429.png]
[cdn.myportfolio.com/c8489c04-75f1-4bdc-b062-ae01d51f5d5a/b3bab4b7-224f-491f-81c5-12d17f891fdd_rw_1920e942.png]
[cdn.myportfolio.com/c8489c04-75f1-4bdc-b062-ae01d51f5d5a/81e98e4a-b273-46c0-a049-a5889f8a71cb9836.png]
[cdn.myportfolio.com/c8489c04-75f1-4bdc-b062-ae01d51f5d5a/81e98e4a-b273-46c0-a049-a5889f8a71cb_rw_192068c7.png]
[cdn.myportfolio.com/c8489c04-75f1-4bdc-b062-ae01d51f5d5a/1f597692-5ebe-4733-8480-1ab2220cef5abe58.png]
[cdn.myportfolio.com/c8489c04-75f1-4bdc-b062-ae01d51f5d5a/1f597692-5ebe-4733-8480-1ab2220cef5a_rw_19208d43.png]
[cdn.myportfolio.com/c8489c04-75f1-4bdc-b062-ae01d51f5d5a/325395b5-9132-46f2-a8bc-d631220b1ff6f462.png]
[cdn.myportfolio.com/c8489c04-75f1-4bdc-b062-ae01d51f5d5a/325395b5-9132-46f2-a8bc-d631220b1ff6_rw_1920c7e9.png]
[cdn.myportfolio.com/c8489c04-75f1-4bdc-b062-ae01d51f5d5a/268fd051-01de-45cc-8a8c-e059ca48cc88c29f.png]
[cdn.myportfolio.com/c8489c04-75f1-4bdc-b062-ae01d51f5d5a/268fd051-01de-45cc-8a8c-e059ca48cc88_rw_1920c8d9.png]
[rentz.com.br/nubank.html]
[cdn.myportfolio.com/c8489c04-75f1-4bdc-b062-ae01d51f5d5a/6fa0d0ad-9b49-4056-910c-efae0ed93d170edc.png]
[cdn.myportfolio.com/c8489c04-75f1-4bdc-b062-ae01d51f5d5a/6fa0d0ad-9b49-4056-910c-efae0ed93d17_rw_19207255.png]
[cdn.myportfolio.com/c8489c04-75f1-4bdc-b062-ae01d51f5d5a/547521ff-a125-405b-a6de-a66447b47a106cb5.png]
[cdn.myportfolio.com/c8489c04-75f1-4bdc-b062-ae01d51f5d5a/547521ff-a125-405b-a6de-a66447b47a10_rw_19209c91.png]
[cdn.myportfolio.com/c8489c04-75f1-4bdc-b062-ae01d51f5d5a/517a2b7c-3165-4b10-af79-95cdd8838edbc031.png]
[cdn.myportfolio.com/c8489c04-75f1-4bdc-b062-ae01d51f5d5a/517a2b7c-3165-4b10-af79-95cdd8838edb_rw_19205bc1.png]
[cdn.myportfolio.com/c8489c04-75f1-4bdc-b062-ae01d51f5d5a/cad178f5-966e-4bb6-b651-b41cc4de0177e188.png]
[cdn.myportfolio.com/c8489c04-75f1-4bdc-b062-ae01d51f5d5a/cad178f5-966e-4bb6-b651-b41cc4de0177_rw_1920f417.png]
[cdn.myportfolio.com/c8489c04-75f1-4bdc-b062-ae01d51f5d5a/dbfbc97c-2e88-4b20-afe5-853890bc2dbe6bda.png]
[cdn.myportfolio.com/c8489c04-75f1-4bdc-b062-ae01d51f5d5a/dbfbc97c-2e88-4b20-afe5-853890bc2dbe_rw_1920f1e4.png]
[cdn.myportfolio.com/c8489c04-75f1-4bdc-b062-ae01d51f5d5a/03b7854b-28b2-4644-a665-f6effd3efe36e1cb.png]
[cdn.myportfolio.com/c8489c04-75f1-4bdc-b062-ae01d51f5d5a/03b7854b-28b2-4644-a665-f6effd3efe36_rw_19209587.png]
[cdn.myportfolio.com/c8489c04-75f1-4bdc-b062-ae01d51f5d5a/6675b218-5277-4adf-914c-8593b4f6b8dbf8e9.png]
[cdn.myportfolio.com/c8489c04-75f1-4bdc-b062-ae01d51f5d5a/6675b218-5277-4adf-914c-8593b4f6b8db_rw_1920da2e.png]
[cdn.myportfolio.com/c8489c04-75f1-4bdc-b062-ae01d51f5d5a/8db37f7a-110b-4c42-bbc0-70abc96002453f9b.png]
[cdn.myportfolio.com/c8489c04-75f1-4bdc-b062-ae01d51f5d5a/8db37f7a-110b-4c42-bbc0-70abc9600245_rw_192040a1.png]
[cdn.myportfolio.com/c8489c04-75f1-4bdc-b062-ae01d51f5d5a/604bceb9-42c9-4b62-b183-c48662c691b9ef34.png]
[cdn.myportfolio.com/c8489c04-75f1-4bdc-b062-ae01d51f5d5a/604bceb9-42c9-4b62-b183-c48662c691b9_rw_19207438.png]
[cdn.myportfolio.com/c8489c04-75f1-4bdc-b062-ae01d51f5d5a/7d115e42-501e-4233-a9c1-658d6f963a98eff0.png]
[cdn.myportfolio.com/c8489c04-75f1-4bdc-b062-ae01d51f5d5a/7d115e42-501e-4233-a9c1-658d6f963a98_rw_19209187.png]
[rentz.com.br/ifood-1.html]
[cdn.myportfolio.com/c8489c04-75f1-4bdc-b062-ae01d51f5d5a/b6a82201-037d-4fc2-a75f-39ab346d6cee5b9a.png]
[cdn.myportfolio.com/c8489c04-75f1-4bdc-b062-ae01d51f5d5a/b6a82201-037d-4fc2-a75f-39ab346d6cee_rw_192087a1.png]
[cdn.myportfolio.com/c8489c04-75f1-4bdc-b062-ae01d51f5d5a/94ae45b3-1c09-4c05-8193-5f4b7e41e3dd4e2b.png]
[cdn.myportfolio.com/c8489c04-75f1-4bdc-b062-ae01d51f5d5a/94ae45b3-1c09-4c05-8193-5f4b7e41e3dd_rw_19207780.png]
[cdn.myportfolio.com/c8489c04-75f1-4bdc-b062-ae01d51f5d5a/a5ca92f2-cbbf-4e68-bfaa-2e97493a439eeb8e.png]
[cdn.myportfolio.com/c8489c04-75f1-4bdc-b062-ae01d51f5d5a/a5ca92f2-cbbf-4e68-bfaa-2e97493a439e_rw_1920a24e.png]
[cdn.myportfolio.com/c8489c04-75f1-4bdc-b062-ae01d51f5d5a/2b1a81b9-6b75-41d0-ae86-3db79944b811015a.png]
[cdn.myportfolio.com/c8489c04-75f1-4bdc-b062-ae01d51f5d5a/2b1a81b9-6b75-41d0-ae86-3db79944b811_rw_1920e723.png]
[cdn.myportfolio.com/c8489c04-75f1-4bdc-b062-ae01d51f5d5a/181a7f96-582f-4514-85c5-a04f5eea23156361.png]
[cdn.myportfolio.com/c8489c04-75f1-4bdc-b062-ae01d51f5d5a/181a7f96-582f-4514-85c5-a04f5eea2315_rw_192063e6.png]
[cdn.myportfolio.com/c8489c04-75f1-4bdc-b062-ae01d51f5d5a/1d876072-b6e9-462b-a52e-b5705ea3b82e2bb6.png]
[cdn.myportfolio.com/c8489c04-75f1-4bdc-b062-ae01d51f5d5a/1d876072-b6e9-462b-a52e-b5705ea3b82e_rw_1920d1a9.png]
[cdn.myportfolio.com/c8489c04-75f1-4bdc-b062-ae01d51f5d5a/496a7833-7cbd-4066-94ef-5f877115daea6b8e.png]
[cdn.myportfolio.com/c8489c04-75f1-4bdc-b062-ae01d51f5d5a/496a7833-7cbd-4066-94ef-5f877115daea_rw_1920f164.png]
[cdn.myportfolio.com/c8489c04-75f1-4bdc-b062-ae01d51f5d5a/75104468-f9dd-4c88-b8af-b2288501d9c30ac5.png]
[rentz.com.br/sos-me-poupe.html]
[cdn.myportfolio.com/c8489c04-75f1-4bdc-b062-ae01d51f5d5a/75104468-f9dd-4c88-b8af-b2288501d9c3_rw_19205de1.png]
[cdn.myportfolio.com/c8489c04-75f1-4bdc-b062-ae01d51f5d5a/510a59f0-4afe-4bc0-9384-dc87e40d0b60e9e1.png]
[cdn.myportfolio.com/c8489c04-75f1-4bdc-b062-ae01d51f5d5a/510a59f0-4afe-4bc0-9384-dc87e40d0b60_rw_19201c43.png]
[cdn.myportfolio.com/c8489c04-75f1-4bdc-b062-ae01d51f5d5a/b5e37a65-8f3a-4977-8b8c-09246a03064f5440.png]
[cdn.myportfolio.com/c8489c04-75f1-4bdc-b062-ae01d51f5d5a/b5e37a65-8f3a-4977-8b8c-09246a03064f_rw_19200ba3.png]
[cdn.myportfolio.com/c8489c04-75f1-4bdc-b062-ae01d51f5d5a/0c0c49dd-b3c4-4ce8-a0a2-788ba690d56aef5c.png]
[cdn.myportfolio.com/c8489c04-75f1-4bdc-b062-ae01d51f5d5a/0c0c49dd-b3c4-4ce8-a0a2-788ba690d56a_rw_19204f87.png]
[cdn.myportfolio.com/c8489c04-75f1-4bdc-b062-ae01d51f5d5a/19e0ac14-f200-4323-9b05-9681b7e6d3e7af47.png]
[cdn.myportfolio.com/c8489c04-75f1-4bdc-b062-ae01d51f5d5a/19e0ac14-f200-4323-9b05-9681b7e6d3e7_rw_1920eb26.png]
[cdn.myportfolio.com/c8489c04-75f1-4bdc-b062-ae01d51f5d5a/50789a7c-1f43-4c6a-9dae-81ca911ba42bdd03.png]
[cdn.myportfolio.com/c8489c04-75f1-4bdc-b062-ae01d51f5d5a/50789a7c-1f43-4c6a-9dae-81ca911ba42b_rw_1920fb95.png]
[cdn.myportfolio.com/c8489c04-75f1-4bdc-b062-ae01d51f5d5a/b2155684-41bb-49d7-b931-9dac4013313545f8.png]
[cdn.myportfolio.com/c8489c04-75f1-4bdc-b062-ae01d51f5d5a/b2155684-41bb-49d7-b931-9dac40133135_rw_19206669.png]
[rentz.com.br/gangue-pizza.html]
[cdn.myportfolio.com/c8489c04-75f1-4bdc-b062-ae01d51f5d5a/86089477-1827-4294-9e2e-826272f0c8a7a012.png]
[cdn.myportfolio.com/c8489c04-75f1-4bdc-b062-ae01d51f5d5a/86089477-1827-4294-9e2e-826272f0c8a7_rw_1920227d.png]
[cdn.myportfolio.com/c8489c04-75f1-4bdc-b062-ae01d51f5d5a/9c0a3803-cbe4-4e34-9afa-18b64841fe6ebbae.png]
[cdn.myportfolio.com/c8489c04-75f1-4bdc-b062-ae01d51f5d5a/9c0a3803-cbe4-4e34-9afa-18b64841fe6e_rw_19207637.png]
[cdn.myportfolio.com/c8489c04-75f1-4bdc-b062-ae01d51f5d5a/0ed0dc09-df05-48f7-83bc-2babdd3702baf10c.png]
[cdn.myportfolio.com/c8489c04-75f1-4bdc-b062-ae01d51f5d5a/0ed0dc09-df05-48f7-83bc-2babdd3702ba_rw_1920c7d2.png]
[cdn.myportfolio.com/c8489c04-75f1-4bdc-b062-ae01d51f5d5a/1c6bea36-e656-4153-80ad-af395294313058a0.png]
[cdn.myportfolio.com/c8489c04-75f1-4bdc-b062-ae01d51f5d5a/1c6bea36-e656-4153-80ad-af3952943130_rw_1920e8ff.png]
[cdn.myportfolio.com/c8489c04-75f1-4bdc-b062-ae01d51f5d5a/daebb0b1-0dc6-47bb-a907-d428b9c19ccbb0df.png]
[cdn.myportfolio.com/c8489c04-75f1-4bdc-b062-ae01d51f5d5a/daebb0b1-0dc6-47bb-a907-d428b9c19ccb_rw_19204e8d.png]
[cdn.myportfolio.com/c8489c04-75f1-4bdc-b062-ae01d51f5d5a/c7bb5fd3-2bfe-4715-a9ea-fb736663ff460b43.png]
[cdn.myportfolio.com/c8489c04-75f1-4bdc-b062-ae01d51f5d5a/c7bb5fd3-2bfe-4715-a9ea-fb736663ff46_rw_1920c055.png]
[rentz.com.br/a-voz-do-rouco.html]
[cdn.myportfolio.com/c8489c04-75f1-4bdc-b062-ae01d51f5d5a/e4a75867-a1ef-455f-b61a-c5b9be5c4b371aac.png]
[cdn.myportfolio.com/c8489c04-75f1-4bdc-b062-ae01d51f5d5a/e4a75867-a1ef-455f-b61a-c5b9be5c4b37_rw_19209491.png]
[cdn.myportfolio.com/c8489c04-75f1-4bdc-b062-ae01d51f5d5a/ace4a7a0-d8c4-4d0b-9a24-5c3dc3b26bc7339b.png]
[cdn.myportfolio.com/c8489c04-75f1-4bdc-b062-ae01d51f5d5a/ace4a7a0-d8c4-4d0b-9a24-5c3dc3b26bc7_rw_19202000.png]
[cdn.myportfolio.com/c8489c04-75f1-4bdc-b062-ae01d51f5d5a/f1b56697-626f-405f-8c05-421b42e1c784a48c.png]
[cdn.myportfolio.com/c8489c04-75f1-4bdc-b062-ae01d51f5d5a/f1b56697-626f-405f-8c05-421b42e1c784_rw_19209b84.png]
[cdn.myportfolio.com/c8489c04-75f1-4bdc-b062-ae01d51f5d5a/8b676b28-5e2f-4491-a1f2-92c4800f143c39c3.png]
[cdn.myportfolio.com/c8489c04-75f1-4bdc-b062-ae01d51f5d5a/8b676b28-5e2f-4491-a1f2-92c4800f143c_rw_192059b4.png]
[cdn.myportfolio.com/c8489c04-75f1-4bdc-b062-ae01d51f5d5a/4e426ff7-3e8e-48bb-9aff-752848726c4b7f34.png]
[cdn.myportfolio.com/c8489c04-75f1-4bdc-b062-ae01d51f5d5a/4e426ff7-3e8e-48bb-9aff-752848726c4b_rw_192001e0.png]
[cdn.myportfolio.com/c8489c04-75f1-4bdc-b062-ae01d51f5d5a/3554ac2e-8913-4ea8-ad63-d47264ef58854641.png]
[cdn.myportfolio.com/c8489c04-75f1-4bdc-b062-ae01d51f5d5a/3554ac2e-8913-4ea8-ad63-d47264ef5885_rw_19204b96.png]
[cdn.myportfolio.com/c8489c04-75f1-4bdc-b062-ae01d51f5d5a/7f5ca37d-adae-49e1-a8aa-237e1d2e9ef41dd1.png]
[cdn.myportfolio.com/c8489c04-75f1-4bdc-b062-ae01d51f5d5a/7f5ca37d-adae-49e1-a8aa-237e1d2e9ef4_rw_19203ef4.png]
[cdn.myportfolio.com/c8489c04-75f1-4bdc-b062-ae01d51f5d5a/b5110170-57e5-41b3-9167-1132ad0b827ffbc9.png]
[cdn.myportfolio.com/c8489c04-75f1-4bdc-b062-ae01d51f5d5a/b5110170-57e5-41b3-9167-1132ad0b827f_rw_1920385c.png]
[cdn.myportfolio.com/c8489c04-75f1-4bdc-b062-ae01d51f5d5a/eee4f411-b971-407b-ac3d-3b6914b7a8194864.png]
[cdn.myportfolio.com/c8489c04-75f1-4bdc-b062-ae01d51f5d5a/eee4f411-b971-407b-ac3d-3b6914b7a819_rw_192039d9.png]
[cdn.myportfolio.com/c8489c04-75f1-4bdc-b062-ae01d51f5d5a/bfea3c38-97fe-41ea-8979-87f81bec04596bc1.png]
[cdn.myportfolio.com/c8489c04-75f1-4bdc-b062-ae01d51f5d5a/bfea3c38-97fe-41ea-8979-87f81bec0459_rw_19201149.png]
[cdn.myportfolio.com/c8489c04-75f1-4bdc-b062-ae01d51f5d5a/449cfb80-1fe5-470c-a651-910e80712047cda4.png]
[cdn.myportfolio.com/c8489c04-75f1-4bdc-b062-ae01d51f5d5a/449cfb80-1fe5-470c-a651-910e80712047_rw_1920bef3.png]
[cdn.myportfolio.com/c8489c04-75f1-4bdc-b062-ae01d51f5d5a/8d909c73-c3d2-4f89-a7f4-cd35bd81d8103b3e.png]
[cdn.myportfolio.com/c8489c04-75f1-4bdc-b062-ae01d51f5d5a/8d909c73-c3d2-4f89-a7f4-cd35bd81d810_rw_1920fc89.png]
[cdn.myportfolio.com/c8489c04-75f1-4bdc-b062-ae01d51f5d5a/f0a5e967-566e-4ddb-bb03-763973b9b53c133d.png]
[cdn.myportfolio.com/c8489c04-75f1-4bdc-b062-ae01d51f5d5a/f0a5e967-566e-4ddb-bb03-763973b9b53c_rw_1920b7da.png]
[cdn.myportfolio.com/c8489c04-75f1-4bdc-b062-ae01d51f5d5a/da1578d0-d960-4cb9-8944-4cf4cfec418c7604.png]
[cdn.myportfolio.com/c8489c04-75f1-4bdc-b062-ae01d51f5d5a/da1578d0-d960-4cb9-8944-4cf4cfec418c_rw_19205881.png]
[cdn.myportfolio.com/c8489c04-75f1-4bdc-b062-ae01d51f5d5a/0e263bdd-da98-4706-94cd-edf4b1d3f2c42342.png]
[cdn.myportfolio.com/c8489c04-75f1-4bdc-b062-ae01d51f5d5a/0e263bdd-da98-4706-94cd-edf4b1d3f2c4_rw_19204726.png]
[cdn.myportfolio.com/c8489c04-75f1-4bdc-b062-ae01d51f5d5a/175b6a25-f8bd-4336-9b6b-2c19c0191b728c3a.png]
[cdn.myportfolio.com/c8489c04-75f1-4bdc-b062-ae01d51f5d5a/175b6a25-f8bd-4336-9b6b-2c19c0191b72_rw_192023f9.png]
[cdn.myportfolio.com/c8489c04-75f1-4bdc-b062-ae01d51f5d5a/ae4267fb-4ec9-4b91-a508-755276805b5e532f.png]
[cdn.myportfolio.com/c8489c04-75f1-4bdc-b062-ae01d51f5d5a/ae4267fb-4ec9-4b91-a508-755276805b5e_rw_19209f1e.png]
[cdn.myportfolio.com/c8489c04-75f1-4bdc-b062-ae01d51f5d5a/9e3ade6e-90f9-4e2e-8a2e-468972a43ccf43bc.png]
[cdn.myportfolio.com/c8489c04-75f1-4bdc-b062-ae01d51f5d5a/9e3ade6e-90f9-4e2e-8a2e-468972a43ccf_rw_19200329.png]
[rentz.com.br/nova-dpz-54-anos.html]
[cdn.myportfolio.com/c8489c04-75f1-4bdc-b062-ae01d51f5d5a/1fbe19cd-f44e-4d2e-982a-b6093028987eb765.png]
[cdn.myportfolio.com/c8489c04-75f1-4bdc-b062-ae01d51f5d5a/1fbe19cd-f44e-4d2e-982a-b6093028987e_rw_1920628c.png]
[cdn.myportfolio.com/c8489c04-75f1-4bdc-b062-ae01d51f5d5a/d2c3abcc-eca7-4f5e-bf41-0e0ca26af49e1306.png]
[cdn.myportfolio.com/c8489c04-75f1-4bdc-b062-ae01d51f5d5a/d2c3abcc-eca7-4f5e-bf41-0e0ca26af49e_rw_19206a6c.png]
[cdn.myportfolio.com/c8489c04-75f1-4bdc-b062-ae01d51f5d5a/5cc08e8f-23f8-4f71-b7c7-b7c9e208b49d70ca.png]
[cdn.myportfolio.com/c8489c04-75f1-4bdc-b062-ae01d51f5d5a/5cc08e8f-23f8-4f71-b7c7-b7c9e208b49d_rw_192077e7.png]
[cdn.myportfolio.com/c8489c04-75f1-4bdc-b062-ae01d51f5d5a/dd4393b0-b2de-4b37-aee8-ace4eb8ad846272d.png]
[cdn.myportfolio.com/c8489c04-75f1-4bdc-b062-ae01d51f5d5a/dd4393b0-b2de-4b37-aee8-ace4eb8ad846_rw_19206b65.png]
[cdn.myportfolio.com/c8489c04-75f1-4bdc-b062-ae01d51f5d5a/6c5091cf-bef1-42a7-8aab-086c788043a2c86e.png]
[cdn.myportfolio.com/c8489c04-75f1-4bdc-b062-ae01d51f5d5a/6c5091cf-bef1-42a7-8aab-086c788043a2_rw_192044ee.png]
[cdn.myportfolio.com/c8489c04-75f1-4bdc-b062-ae01d51f5d5a/e7437940-12d4-4843-960e-461adb3a4278e932.png]
[cdn.myportfolio.com/c8489c04-75f1-4bdc-b062-ae01d51f5d5a/e7437940-12d4-4843-960e-461adb3a4278_rw_1920abe5.png]
[cdn.myportfolio.com/c8489c04-75f1-4bdc-b062-ae01d51f5d5a/358b29a5-1039-478a-93c5-e895adf653557308.png]
[cdn.myportfolio.com/c8489c04-75f1-4bdc-b062-ae01d51f5d5a/358b29a5-1039-478a-93c5-e895adf65355_rw_19206cb9.png]
[cdn.myportfolio.com/c8489c04-75f1-4bdc-b062-ae01d51f5d5a/3797a045-e8e6-49b1-bb88-57280b84e78fd2dd.png]
[cdn.myportfolio.com/c8489c04-75f1-4bdc-b062-ae01d51f5d5a/3797a045-e8e6-49b1-bb88-57280b84e78f_rw_19206897.png]
[rentz.com.br/holipass-1.html]
[cdn.myportfolio.com/c8489c04-75f1-4bdc-b062-ae01d51f5d5a/cc45efb5-6785-4ac1-9c5b-621db0456870cc4b.png]
[cdn.myportfolio.com/c8489c04-75f1-4bdc-b062-ae01d51f5d5a/cc45efb5-6785-4ac1-9c5b-621db0456870_rw_19205175.png]
[cdn.myportfolio.com/c8489c04-75f1-4bdc-b062-ae01d51f5d5a/80e23bb6-8183-4e95-80b4-b54d49f73529c056.png]
[cdn.myportfolio.com/c8489c04-75f1-4bdc-b062-ae01d51f5d5a/80e23bb6-8183-4e95-80b4-b54d49f73529_rw_19200fe8.png]
[cdn.myportfolio.com/c8489c04-75f1-4bdc-b062-ae01d51f5d5a/ff43da7b-3578-4c6b-9ee3-67fc1f11f0bf4b5b.png]
[cdn.myportfolio.com/c8489c04-75f1-4bdc-b062-ae01d51f5d5a/ff43da7b-3578-4c6b-9ee3-67fc1f11f0bf_rw_1920679b.png]
[cdn.myportfolio.com/c8489c04-75f1-4bdc-b062-ae01d51f5d5a/c59131e4-cb50-4937-9949-f98a03c09e4c8e15.png]
[cdn.myportfolio.com/c8489c04-75f1-4bdc-b062-ae01d51f5d5a/c59131e4-cb50-4937-9949-f98a03c09e4c_rw_192004d6.png]
[cdn.myportfolio.com/c8489c04-75f1-4bdc-b062-ae01d51f5d5a/740a10dc-2233-4be6-93d1-26d20d902ec7bb2a.png]
[cdn.myportfolio.com/c8489c04-75f1-4bdc-b062-ae01d51f5d5a/740a10dc-2233-4be6-93d1-26d20d902ec7_rw_1920700e.png]
[cdn.myportfolio.com/c8489c04-75f1-4bdc-b062-ae01d51f5d5a/3f148cbf-4864-4619-93ef-076b6084a6465803.png]
[cdn.myportfolio.com/c8489c04-75f1-4bdc-b062-ae01d51f5d5a/3f148cbf-4864-4619-93ef-076b6084a646_rw_19208b31.png]
[cdn.myportfolio.com/c8489c04-75f1-4bdc-b062-ae01d51f5d5a/1115fb52-7b3d-4ba5-8dcd-42f845a607966816.png]
[cdn.myportfolio.com/c8489c04-75f1-4bdc-b062-ae01d51f5d5a/1115fb52-7b3d-4ba5-8dcd-42f845a60796_rw_1920a22b.png]
[cdn.myportfolio.com/c8489c04-75f1-4bdc-b062-ae01d51f5d5a/2da65f32-0219-42d9-937d-b5d8b11a7147fce6.png]
[cdn.myportfolio.com/c8489c04-75f1-4bdc-b062-ae01d51f5d5a/2da65f32-0219-42d9-937d-b5d8b11a7147_rw_19205b01.png]
[rentz.com.br/stickers-rentz.html]
[cdn.myportfolio.com/c8489c04-75f1-4bdc-b062-ae01d51f5d5a/951ba706-2576-4b4a-904e-f48b01e6f2cb5294.png]
[cdn.myportfolio.com/c8489c04-75f1-4bdc-b062-ae01d51f5d5a/951ba706-2576-4b4a-904e-f48b01e6f2cb_rw_192088c6.png]
[cdn.myportfolio.com/c8489c04-75f1-4bdc-b062-ae01d51f5d5a/5b66b4a5-d522-4fc4-810e-d40f3d6b850bbc2f.png]
[cdn.myportfolio.com/c8489c04-75f1-4bdc-b062-ae01d51f5d5a/5b66b4a5-d522-4fc4-810e-d40f3d6b850b_rw_19209e4a.png]
[cdn.myportfolio.com/c8489c04-75f1-4bdc-b062-ae01d51f5d5a/327211ad-fd44-422b-87a6-ccf6d708b2a8d7c7.png]
[cdn.myportfolio.com/c8489c04-75f1-4bdc-b062-ae01d51f5d5a/327211ad-fd44-422b-87a6-ccf6d708b2a8_rw_192081d6.png]
[cdn.myportfolio.com/c8489c04-75f1-4bdc-b062-ae01d51f5d5a/68f99955-8b78-41b8-8e14-9b883ab6b949dd65.png]
[cdn.myportfolio.com/c8489c04-75f1-4bdc-b062-ae01d51f5d5a/68f99955-8b78-41b8-8e14-9b883ab6b949_rw_1920f65c.png]
[cdn.myportfolio.com/c8489c04-75f1-4bdc-b062-ae01d51f5d5a/25051c24-f972-4f1c-949e-43201124ca4a66dc.png]
[cdn.myportfolio.com/c8489c04-75f1-4bdc-b062-ae01d51f5d5a/25051c24-f972-4f1c-949e-43201124ca4a_rw_19203c05.png]
[cdn.myportfolio.com/c8489c04-75f1-4bdc-b062-ae01d51f5d5a/0e321854-7dd5-492e-adec-b14c467a3b72bba3.png]
[cdn.myportfolio.com/c8489c04-75f1-4bdc-b062-ae01d51f5d5a/0e321854-7dd5-492e-adec-b14c467a3b72_rw_19202a27.png]
[cdn.myportfolio.com/c8489c04-75f1-4bdc-b062-ae01d51f5d5a/10c80667-b801-4692-a362-4a2e1ceb130904e8.png]
[cdn.myportfolio.com/c8489c04-75f1-4bdc-b062-ae01d51f5d5a/10c80667-b801-4692-a362-4a2e1ceb1309_rw_19201c3c.png]
[cdn.myportfolio.com/c8489c04-75f1-4bdc-b062-ae01d51f5d5a/2b2b670e-5f0a-480c-9c91-57965c9fbd044009.png]
[cdn.myportfolio.com/c8489c04-75f1-4bdc-b062-ae01d51f5d5a/2b2b670e-5f0a-480c-9c91-57965c9fbd04_rw_192056a4.png]
[cdn.myportfolio.com/c8489c04-75f1-4bdc-b062-ae01d51f5d5a/0c06c4e0-fda4-4b46-9e5b-4a36c0a4d28d0d2f.png]
[cdn.myportfolio.com/c8489c04-75f1-4bdc-b062-ae01d51f5d5a/0c06c4e0-fda4-4b46-9e5b-4a36c0a4d28d_rw_19202afe.png]
[cdn.myportfolio.com/c8489c04-75f1-4bdc-b062-ae01d51f5d5a/779a8d70-c776-40dd-ae58-f05fe8209be0238f.png]
[cdn.myportfolio.com/c8489c04-75f1-4bdc-b062-ae01d51f5d5a/779a8d70-c776-40dd-ae58-f05fe8209be0_rw_192094d2.png]
[cdn.myportfolio.com/c8489c04-75f1-4bdc-b062-ae01d51f5d5a/61c91aff-d8cb-4203-b976-8311189d5ff8dec2.png]
[cdn.myportfolio.com/c8489c04-75f1-4bdc-b062-ae01d51f5d5a/61c91aff-d8cb-4203-b976-8311189d5ff8_rw_19209947.png]
[cdn.myportfolio.com/c8489c04-75f1-4bdc-b062-ae01d51f5d5a/0c09f65f-f2e8-4a04-8b9b-edfb6aa7862718f9.png]
[cdn.myportfolio.com/c8489c04-75f1-4bdc-b062-ae01d51f5d5a/0c09f65f-f2e8-4a04-8b9b-edfb6aa78627_rw_1920cdb2.png]
[cdn.myportfolio.com/c8489c04-75f1-4bdc-b062-ae01d51f5d5a/6790304f-0a24-472e-bfb3-1b3f9f59345661e6.png]
[cdn.myportfolio.com/c8489c04-75f1-4bdc-b062-ae01d51f5d5a/6790304f-0a24-472e-bfb3-1b3f9f593456_rw_1920ab4c.png]
[cdn.myportfolio.com/c8489c04-75f1-4bdc-b062-ae01d51f5d5a/3611dabb-ab81-469b-947d-059f839862c0e2db.png]
[cdn.myportfolio.com/c8489c04-75f1-4bdc-b062-ae01d51f5d5a/3611dabb-ab81-469b-947d-059f839862c0_rw_1920c7f8.png]
[cdn.myportfolio.com/c8489c04-75f1-4bdc-b062-ae01d51f5d5a/011eff67-2b1f-43df-bd7e-2a1d9c86a24b070d.png]
[cdn.myportfolio.com/c8489c04-75f1-4bdc-b062-ae01d51f5d5a/011eff67-2b1f-43df-bd7e-2a1d9c86a24b_rw_1920a048.png]
[cdn.myportfolio.com/c8489c04-75f1-4bdc-b062-ae01d51f5d5a/14a6b5bf-7fbe-4599-b3f6-b1bb19794240240d.png]
[cdn.myportfolio.com/c8489c04-75f1-4bdc-b062-ae01d51f5d5a/14a6b5bf-7fbe-4599-b3f6-b1bb19794240_rw_19202a60.png]
[cdn.myportfolio.com/c8489c04-75f1-4bdc-b062-ae01d51f5d5a/476660c7-55d6-4b8f-9084-0a56027835ce00a2.png]
[cdn.myportfolio.com/c8489c04-75f1-4bdc-b062-ae01d51f5d5a/476660c7-55d6-4b8f-9084-0a56027835ce_rw_192016e4.png]
[cdn.myportfolio.com/c8489c04-75f1-4bdc-b062-ae01d51f5d5a/3245e97e-fd77-4575-870d-f90e722194d169ed.png]
[cdn.myportfolio.com/c8489c04-75f1-4bdc-b062-ae01d51f5d5a/3245e97e-fd77-4575-870d-f90e722194d1_rw_192019f4.png]
[cdn.myportfolio.com/c8489c04-75f1-4bdc-b062-ae01d51f5d5a/0289e665-86fd-4248-b739-d8454eb9501e52d7.png]
[cdn.myportfolio.com/c8489c04-75f1-4bdc-b062-ae01d51f5d5a/0289e665-86fd-4248-b739-d8454eb9501e_rw_19208353.png]
[cdn.myportfolio.com/c8489c04-75f1-4bdc-b062-ae01d51f5d5a/498eeb67-e18a-4a08-b132-7d1db98694b66b48.png]
[cdn.myportfolio.com/c8489c04-75f1-4bdc-b062-ae01d51f5d5a/498eeb67-e18a-4a08-b132-7d1db98694b6_rw_1920aca3.png]
[cdn.myportfolio.com/c8489c04-75f1-4bdc-b062-ae01d51f5d5a/54a3ecf1-3196-43a9-a2f6-1ba5e5e2b0d691cd.png]
[cdn.myportfolio.com/c8489c04-75f1-4bdc-b062-ae01d51f5d5a/54a3ecf1-3196-43a9-a2f6-1ba5e5e2b0d6_rw_19208d69.png]
[cdn.myportfolio.com/c8489c04-75f1-4bdc-b062-ae01d51f5d5a/f9eb2855-d54e-4dd8-85d9-5344fe2e970107c2.png]
[cdn.myportfolio.com/c8489c04-75f1-4bdc-b062-ae01d51f5d5a/f9eb2855-d54e-4dd8-85d9-5344fe2e9701_rw_192062f9.png]
[cdn.myportfolio.com/c8489c04-75f1-4bdc-b062-ae01d51f5d5a/86ebd424-a1d0-49a2-a92b-7ca49db984b6894e.png]
[cdn.myportfolio.com/c8489c04-75f1-4bdc-b062-ae01d51f5d5a/86ebd424-a1d0-49a2-a92b-7ca49db984b6_rw_19200486.png]
[cdn.myportfolio.com/c8489c04-75f1-4bdc-b062-ae01d51f5d5a/d23b66ff-9b49-4451-bf6e-319706258f515399.png]
[cdn.myportfolio.com/c8489c04-75f1-4bdc-b062-ae01d51f5d5a/d23b66ff-9b49-4451-bf6e-319706258f51_rw_1920f7b6.png]
[cdn.myportfolio.com/c8489c04-75f1-4bdc-b062-ae01d51f5d5a/30aa3932-f8c0-465e-8b6f-5f7f535ddc704d53.png]
[cdn.myportfolio.com/c8489c04-75f1-4bdc-b062-ae01d51f5d5a/30aa3932-f8c0-465e-8b6f-5f7f535ddc70_rw_1920f5ca.png]
[cdn.myportfolio.com/c8489c04-75f1-4bdc-b062-ae01d51f5d5a/6bc6a24b-2e8c-4d72-a091-05ce22876a6e6fe4.png]
[cdn.myportfolio.com/c8489c04-75f1-4bdc-b062-ae01d51f5d5a/6bc6a24b-2e8c-4d72-a091-05ce22876a6e_rw_192046c9.png]
[cdn.myportfolio.com/c8489c04-75f1-4bdc-b062-ae01d51f5d5a/00079caa-779c-42ff-b63e-f5d74e0bece01321.png]
[rentz.com.br/quant-bot-editora-ftd.html]
[cdn.myportfolio.com/c8489c04-75f1-4bdc-b062-ae01d51f5d5a/00079caa-779c-42ff-b63e-f5d74e0bece0_rw_192069b3.png]
[cdn.myportfolio.com/c8489c04-75f1-4bdc-b062-ae01d51f5d5a/5b55d7bb-b73b-4b55-8f24-0a3dd7d2c47738a8.png]
[cdn.myportfolio.com/c8489c04-75f1-4bdc-b062-ae01d51f5d5a/5b55d7bb-b73b-4b55-8f24-0a3dd7d2c477_rw_192052e7.png]
[cdn.myportfolio.com/c8489c04-75f1-4bdc-b062-ae01d51f5d5a/71fe6a1d-41d9-4f8d-bc49-a3c5cbd7dc40d128.png]
[cdn.myportfolio.com/c8489c04-75f1-4bdc-b062-ae01d51f5d5a/71fe6a1d-41d9-4f8d-bc49-a3c5cbd7dc40_rw_1920979e.png]
[cdn.myportfolio.com/c8489c04-75f1-4bdc-b062-ae01d51f5d5a/b70be14d-c1b5-418f-8884-eb9cea051ebc28aa.png]
[cdn.myportfolio.com/c8489c04-75f1-4bdc-b062-ae01d51f5d5a/b70be14d-c1b5-418f-8884-eb9cea051ebc_rw_1920e3ad.png]
[cdn.myportfolio.com/c8489c04-75f1-4bdc-b062-ae01d51f5d5a/e9937645-e27e-45a2-b085-8036eba5a20e6c70.png]
[cdn.myportfolio.com/c8489c04-75f1-4bdc-b062-ae01d51f5d5a/e9937645-e27e-45a2-b085-8036eba5a20e_rw_19203ce7.png]
[cdn.myportfolio.com/c8489c04-75f1-4bdc-b062-ae01d51f5d5a/bac4835c-57ac-48b2-a671-d19ff9a2a367c3f7.png]
[cdn.myportfolio.com/c8489c04-75f1-4bdc-b062-ae01d51f5d5a/bac4835c-57ac-48b2-a671-d19ff9a2a367_rw_1920fba7.png]
[cdn.myportfolio.com/c8489c04-75f1-4bdc-b062-ae01d51f5d5a/758ce178-6c2a-4379-bc20-ad7f5f0a8029553b.png]
[cdn.myportfolio.com/c8489c04-75f1-4bdc-b062-ae01d51f5d5a/758ce178-6c2a-4379-bc20-ad7f5f0a8029_rw_1920e1fb.png]
[cdn.myportfolio.com/c8489c04-75f1-4bdc-b062-ae01d51f5d5a/f01acf5a-15eb-4173-bc7c-24b4b46c0e9df397.png]
[cdn.myportfolio.com/c8489c04-75f1-4bdc-b062-ae01d51f5d5a/f01acf5a-15eb-4173-bc7c-24b4b46c0e9d_rw_19209b55.png]
[cdn.myportfolio.com/c8489c04-75f1-4bdc-b062-ae01d51f5d5a/2dbdf3da-a071-4592-bc22-95f4dd16eb0fe5c1.png]
[cdn.myportfolio.com/c8489c04-75f1-4bdc-b062-ae01d51f5d5a/2dbdf3da-a071-4592-bc22-95f4dd16eb0f_rw_1920e517.png]
[cdn.myportfolio.com/c8489c04-75f1-4bdc-b062-ae01d51f5d5a/c675b988-20f9-42bc-b98c-a632bc23741518d7.png]
[cdn.myportfolio.com/c8489c04-75f1-4bdc-b062-ae01d51f5d5a/c675b988-20f9-42bc-b98c-a632bc237415_rw_19201e05.png]
[cdn.myportfolio.com/c8489c04-75f1-4bdc-b062-ae01d51f5d5a/8a7d22f4-a0ad-46fe-ab92-aed42ed7acea36ae.png]
[cdn.myportfolio.com/c8489c04-75f1-4bdc-b062-ae01d51f5d5a/8a7d22f4-a0ad-46fe-ab92-aed42ed7acea_rw_192057b6.png]
[cdn.myportfolio.com/c8489c04-75f1-4bdc-b062-ae01d51f5d5a/8aac3a91-ba2b-4240-be8a-f5184b182d567381.png]
[cdn.myportfolio.com/c8489c04-75f1-4bdc-b062-ae01d51f5d5a/8aac3a91-ba2b-4240-be8a-f5184b182d56_rw_19207add.png]
[rentz.com.br/serigrafias-serie-01.html]
[cdn.myportfolio.com/c8489c04-75f1-4bdc-b062-ae01d51f5d5a/1147226f-99b7-4064-9fdd-459f61e8a3f0f0f9.png]
[cdn.myportfolio.com/c8489c04-75f1-4bdc-b062-ae01d51f5d5a/1147226f-99b7-4064-9fdd-459f61e8a3f0_rw_19203bce.png]
[cdn.myportfolio.com/c8489c04-75f1-4bdc-b062-ae01d51f5d5a/58921224-1549-470d-8adb-72b925ea573efc66.png]
[cdn.myportfolio.com/c8489c04-75f1-4bdc-b062-ae01d51f5d5a/58921224-1549-470d-8adb-72b925ea573e_rw_1920abbf.png]
[cdn.myportfolio.com/c8489c04-75f1-4bdc-b062-ae01d51f5d5a/52b89d8a-eeb3-430c-94ee-cd79d35a9f49e88e.png]
[cdn.myportfolio.com/c8489c04-75f1-4bdc-b062-ae01d51f5d5a/52b89d8a-eeb3-430c-94ee-cd79d35a9f49_rw_19201225.png]
[cdn.myportfolio.com/c8489c04-75f1-4bdc-b062-ae01d51f5d5a/0ef60dad-5024-4b8b-9d05-65cd4e9a1446ddda.png]
[cdn.myportfolio.com/c8489c04-75f1-4bdc-b062-ae01d51f5d5a/0ef60dad-5024-4b8b-9d05-65cd4e9a1446_rw_1920ceb3.png]
[cdn.myportfolio.com/c8489c04-75f1-4bdc-b062-ae01d51f5d5a/144f75d9-d2b5-42e4-b99c-df83d71a33c4ecad.png]
[cdn.myportfolio.com/c8489c04-75f1-4bdc-b062-ae01d51f5d5a/144f75d9-d2b5-42e4-b99c-df83d71a33c4_rw_1920d622.png]
[cdn.myportfolio.com/c8489c04-75f1-4bdc-b062-ae01d51f5d5a/d558b9b8-db97-407c-8e61-54c980e15db1c589.png]
[cdn.myportfolio.com/c8489c04-75f1-4bdc-b062-ae01d51f5d5a/d558b9b8-db97-407c-8e61-54c980e15db1_rw_192011aa.png]
[cdn.myportfolio.com/c8489c04-75f1-4bdc-b062-ae01d51f5d5a/b1345ee6-9296-42ec-930f-4a12524470ed8b4a.png]
[cdn.myportfolio.com/c8489c04-75f1-4bdc-b062-ae01d51f5d5a/b1345ee6-9296-42ec-930f-4a12524470ed_rw_192048ac.png]
[cdn.myportfolio.com/c8489c04-75f1-4bdc-b062-ae01d51f5d5a/b4eb8c5c-bda7-4d46-a949-af2f3da9fd932774.png]
[cdn.myportfolio.com/c8489c04-75f1-4bdc-b062-ae01d51f5d5a/b4eb8c5c-bda7-4d46-a949-af2f3da9fd93_rw_1920ea6c.png]
[cdn.myportfolio.com/c8489c04-75f1-4bdc-b062-ae01d51f5d5a/93333e69-5615-43fc-940d-362cf59596b819c6.png]
[cdn.myportfolio.com/c8489c04-75f1-4bdc-b062-ae01d51f5d5a/93333e69-5615-43fc-940d-362cf59596b8_rw_19205015.png]
[cdn.myportfolio.com/c8489c04-75f1-4bdc-b062-ae01d51f5d5a/417d2da1-46fe-4cce-a4dd-02b7d4e4c5e72734.png]
[cdn.myportfolio.com/c8489c04-75f1-4bdc-b062-ae01d51f5d5a/417d2da1-46fe-4cce-a4dd-02b7d4e4c5e7_rw_1920ace2.png]
[cdn.myportfolio.com/c8489c04-75f1-4bdc-b062-ae01d51f5d5a/df198280-a793-4105-9d54-39e664a40e1656e9.png]
[cdn.myportfolio.com/c8489c04-75f1-4bdc-b062-ae01d51f5d5a/df198280-a793-4105-9d54-39e664a40e16_rw_192024c2.png]
[cdn.myportfolio.com/c8489c04-75f1-4bdc-b062-ae01d51f5d5a/6da36e6f-f000-4641-a8cf-c1b326c8462f8fd9.png]
[cdn.myportfolio.com/c8489c04-75f1-4bdc-b062-ae01d51f5d5a/6da36e6f-f000-4641-a8cf-c1b326c8462f_rw_192098f1.png]
[rentz.com.br/game-xp-1.html]
[cdn.myportfolio.com/c8489c04-75f1-4bdc-b062-ae01d51f5d5a/c5346d29-cc48-4645-8336-14dffa96461910b1.png]
[cdn.myportfolio.com/c8489c04-75f1-4bdc-b062-ae01d51f5d5a/c5346d29-cc48-4645-8336-14dffa964619_rw_19208a16.png]
[cdn.myportfolio.com/c8489c04-75f1-4bdc-b062-ae01d51f5d5a/60a0dc29-0757-4f95-92ab-e626fd652c9c511a.png]
[cdn.myportfolio.com/c8489c04-75f1-4bdc-b062-ae01d51f5d5a/60a0dc29-0757-4f95-92ab-e626fd652c9c_rw_1920b440.png]
[cdn.myportfolio.com/c8489c04-75f1-4bdc-b062-ae01d51f5d5a/1ed630f9-cc52-427e-b9a2-b79881bb0c9e8fa5.png]
[cdn.myportfolio.com/c8489c04-75f1-4bdc-b062-ae01d51f5d5a/1ed630f9-cc52-427e-b9a2-b79881bb0c9e_rw_1920b07f.png]
[cdn.myportfolio.com/c8489c04-75f1-4bdc-b062-ae01d51f5d5a/13fb46d3-d7e4-4947-9344-868597e2565bc6a7.png]
[cdn.myportfolio.com/c8489c04-75f1-4bdc-b062-ae01d51f5d5a/13fb46d3-d7e4-4947-9344-868597e2565b_rw_1920fa10.png]
[cdn.myportfolio.com/c8489c04-75f1-4bdc-b062-ae01d51f5d5a/ea7f40cf-36b8-4721-8832-4225ca9d5b244f8d.png]
[cdn.myportfolio.com/c8489c04-75f1-4bdc-b062-ae01d51f5d5a/ea7f40cf-36b8-4721-8832-4225ca9d5b24_rw_1920a3d2.png]
[cdn.myportfolio.com/c8489c04-75f1-4bdc-b062-ae01d51f5d5a/8cc3d4be-ae89-4be1-bb19-124d93d82fe6c28e.png]
[cdn.myportfolio.com/c8489c04-75f1-4bdc-b062-ae01d51f5d5a/8cc3d4be-ae89-4be1-bb19-124d93d82fe6_rw_1920c03e.png]
[cdn.myportfolio.com/c8489c04-75f1-4bdc-b062-ae01d51f5d5a/9d43890d-79c4-49e3-96d0-811ef736d7c3fdf1.png]
[cdn.myportfolio.com/c8489c04-75f1-4bdc-b062-ae01d51f5d5a/9d43890d-79c4-49e3-96d0-811ef736d7c3_rw_1920e1c7.png]
[cdn.myportfolio.com/c8489c04-75f1-4bdc-b062-ae01d51f5d5a/926f6d5c-fe21-42cc-af58-bb248695a04e4e3d.png]
[cdn.myportfolio.com/c8489c04-75f1-4bdc-b062-ae01d51f5d5a/926f6d5c-fe21-42cc-af58-bb248695a04e_rw_192048ee.png]
[cdn.myportfolio.com/c8489c04-75f1-4bdc-b062-ae01d51f5d5a/5764f68c-d0ae-4627-92ad-c9bb2950a5465cf1.png]
[cdn.myportfolio.com/c8489c04-75f1-4bdc-b062-ae01d51f5d5a/5764f68c-d0ae-4627-92ad-c9bb2950a546_rw_192040e9.png]
[cdn.myportfolio.com/c8489c04-75f1-4bdc-b062-ae01d51f5d5a/5822136d-b844-4f61-9067-a17ce5d7db2419e2.png]
[cdn.myportfolio.com/c8489c04-75f1-4bdc-b062-ae01d51f5d5a/5822136d-b844-4f61-9067-a17ce5d7db24_rw_19202a70.png]
[cdn.myportfolio.com/c8489c04-75f1-4bdc-b062-ae01d51f5d5a/26ee5a62-cddd-448b-bcb6-95a928e0c0480f83.png]
[cdn.myportfolio.com/c8489c04-75f1-4bdc-b062-ae01d51f5d5a/26ee5a62-cddd-448b-bcb6-95a928e0c048_rw_192046a1.png]
[rentz.com.br/google-allo.html]
[cdn.myportfolio.com/c8489c04-75f1-4bdc-b062-ae01d51f5d5a/039d9597-0a4d-4456-a621-8de00599a9f7de8b.png]
[cdn.myportfolio.com/c8489c04-75f1-4bdc-b062-ae01d51f5d5a/039d9597-0a4d-4456-a621-8de00599a9f7_rw_192077d3.png]
[cdn.myportfolio.com/c8489c04-75f1-4bdc-b062-ae01d51f5d5a/78bcc749-d6be-4f4f-8773-b4a2660915fc1d4e.png]
[cdn.myportfolio.com/c8489c04-75f1-4bdc-b062-ae01d51f5d5a/78bcc749-d6be-4f4f-8773-b4a2660915fc_rw_1920e112.png]
[cdn.myportfolio.com/c8489c04-75f1-4bdc-b062-ae01d51f5d5a/ca729bdd-b629-4ca3-8c97-98e9dceaea05e23f.png]
[cdn.myportfolio.com/c8489c04-75f1-4bdc-b062-ae01d51f5d5a/ca729bdd-b629-4ca3-8c97-98e9dceaea05_rw_192060f6.png]
[cdn.myportfolio.com/c8489c04-75f1-4bdc-b062-ae01d51f5d5a/4be636a6-4133-43c2-bcd1-c2faff2c8335963a.png]
[cdn.myportfolio.com/c8489c04-75f1-4bdc-b062-ae01d51f5d5a/4be636a6-4133-43c2-bcd1-c2faff2c8335_rw_1920a9cc.png]
[rentz.com.br/kitkat-1.html]
[cdn.myportfolio.com/c8489c04-75f1-4bdc-b062-ae01d51f5d5a/a03e2307-7331-4539-b7d8-aa03e86035b66070.png]
[cdn.myportfolio.com/c8489c04-75f1-4bdc-b062-ae01d51f5d5a/a03e2307-7331-4539-b7d8-aa03e86035b6_rw_19204e19.png]
[cdn.myportfolio.com/c8489c04-75f1-4bdc-b062-ae01d51f5d5a/c383cd87-507f-40bb-8b83-d09697c3951ef327.png]
[cdn.myportfolio.com/c8489c04-75f1-4bdc-b062-ae01d51f5d5a/c383cd87-507f-40bb-8b83-d09697c3951e_rw_19204f16.png]
[cdn.myportfolio.com/c8489c04-75f1-4bdc-b062-ae01d51f5d5a/6a4545de-2c7d-4217-96b3-a9d0b1c144968ff2.png]
[cdn.myportfolio.com/c8489c04-75f1-4bdc-b062-ae01d51f5d5a/6a4545de-2c7d-4217-96b3-a9d0b1c14496_rw_19202205.png]
[cdn.myportfolio.com/c8489c04-75f1-4bdc-b062-ae01d51f5d5a/eb7035f9-d23f-47a1-9ae1-f336bd529b8d3293.png]
[cdn.myportfolio.com/c8489c04-75f1-4bdc-b062-ae01d51f5d5a/eb7035f9-d23f-47a1-9ae1-f336bd529b8d_rw_1920bd18.png]
[cdn.myportfolio.com/c8489c04-75f1-4bdc-b062-ae01d51f5d5a/f65ebc5f-d0de-4066-ba76-e13e8f8f63a8669c.png]
[cdn.myportfolio.com/c8489c04-75f1-4bdc-b062-ae01d51f5d5a/f65ebc5f-d0de-4066-ba76-e13e8f8f63a8_rw_1920b1c7.png]
[cdn.myportfolio.com/c8489c04-75f1-4bdc-b062-ae01d51f5d5a/570c24a1-df37-4221-a884-ddae92bd462d58c3.png]
[cdn.myportfolio.com/c8489c04-75f1-4bdc-b062-ae01d51f5d5a/570c24a1-df37-4221-a884-ddae92bd462d_rw_19202475.png]
[cdn.myportfolio.com/c8489c04-75f1-4bdc-b062-ae01d51f5d5a/415a917c-904f-47f9-aee2-cb9e263928a36278.png]
[cdn.myportfolio.com/c8489c04-75f1-4bdc-b062-ae01d51f5d5a/415a917c-904f-47f9-aee2-cb9e263928a3_rw_192084ed.png]
[cdn.myportfolio.com/c8489c04-75f1-4bdc-b062-ae01d51f5d5a/dbd1c0b3-42cf-481f-bb29-ec91fbd1c0380321.png]
[cdn.myportfolio.com/c8489c04-75f1-4bdc-b062-ae01d51f5d5a/dbd1c0b3-42cf-481f-bb29-ec91fbd1c038_rw_19203969.png]
[rentz.com.br/the-wall-street-journal-1.html]
[cdn.myportfolio.com/c8489c04-75f1-4bdc-b062-ae01d51f5d5a/fe72e76c-7ccf-45a8-9164-60d678257745a317.png]
[cdn.myportfolio.com/c8489c04-75f1-4bdc-b062-ae01d51f5d5a/fe72e76c-7ccf-45a8-9164-60d678257745_rw_1920334b.png]
[cdn.myportfolio.com/c8489c04-75f1-4bdc-b062-ae01d51f5d5a/93037c43-0a92-4ded-968a-1704df7c23e3ce86.png]
[cdn.myportfolio.com/c8489c04-75f1-4bdc-b062-ae01d51f5d5a/93037c43-0a92-4ded-968a-1704df7c23e3_rw_192055f5.png]
[cdn.myportfolio.com/c8489c04-75f1-4bdc-b062-ae01d51f5d5a/76e7337f-4a17-4eb4-91c3-c6659fbe81675b31.png]
[cdn.myportfolio.com/c8489c04-75f1-4bdc-b062-ae01d51f5d5a/76e7337f-4a17-4eb4-91c3-c6659fbe8167_rw_1920ef3f.png]
[cdn.myportfolio.com/c8489c04-75f1-4bdc-b062-ae01d51f5d5a/4b0d25b3-bef8-4cec-b683-e53b9c5be985df8e.png]
[cdn.myportfolio.com/c8489c04-75f1-4bdc-b062-ae01d51f5d5a/4b0d25b3-bef8-4cec-b683-e53b9c5be985_rw_1920408c.png]
[cdn.myportfolio.com/c8489c04-75f1-4bdc-b062-ae01d51f5d5a/7040f2f3-2e49-4ba4-b51d-2cc93a05cae144ad.png]
[cdn.myportfolio.com/c8489c04-75f1-4bdc-b062-ae01d51f5d5a/7040f2f3-2e49-4ba4-b51d-2cc93a05cae1_rw_19205559.png]
[cdn.myportfolio.com/c8489c04-75f1-4bdc-b062-ae01d51f5d5a/ae821425-ba0f-4e94-a045-d166f37a4cb1c802.png]
[cdn.myportfolio.com/c8489c04-75f1-4bdc-b062-ae01d51f5d5a/ae821425-ba0f-4e94-a045-d166f37a4cb1_rw_19209532.png]
[cdn.myportfolio.com/c8489c04-75f1-4bdc-b062-ae01d51f5d5a/2184099c-6362-460f-940e-cda093abe641d695.png]
[cdn.myportfolio.com/c8489c04-75f1-4bdc-b062-ae01d51f5d5a/2184099c-6362-460f-940e-cda093abe641_rw_1920a1af.png]
[cdn.myportfolio.com/c8489c04-75f1-4bdc-b062-ae01d51f5d5a/a672cf80-ad82-4085-ae3e-0d3e9e23b61ade71.png]
[cdn.myportfolio.com/c8489c04-75f1-4bdc-b062-ae01d51f5d5a/a672cf80-ad82-4085-ae3e-0d3e9e23b61a_rw_1920018c.png]
[cdn.myportfolio.com/c8489c04-75f1-4bdc-b062-ae01d51f5d5a/54e754e8-ddd5-4042-b199-54ccda6227acc3ff.png]
[cdn.myportfolio.com/c8489c04-75f1-4bdc-b062-ae01d51f5d5a/54e754e8-ddd5-4042-b199-54ccda6227ac_rw_1920919f.png]
[cdn.myportfolio.com/c8489c04-75f1-4bdc-b062-ae01d51f5d5a/5381663f-7ed5-43fa-9450-b709802fb031947b.png]
[cdn.myportfolio.com/c8489c04-75f1-4bdc-b062-ae01d51f5d5a/5381663f-7ed5-43fa-9450-b709802fb031_rw_19200e58.png]
[cdn.myportfolio.com/c8489c04-75f1-4bdc-b062-ae01d51f5d5a/a2529e08-13ab-4273-8536-3c99fde8aac46a3a.png]
[rentz.com.br/ccxp-1.html]
[cdn.myportfolio.com/c8489c04-75f1-4bdc-b062-ae01d51f5d5a/a2529e08-13ab-4273-8536-3c99fde8aac4_rw_1920a63b.png]
[cdn.myportfolio.com/c8489c04-75f1-4bdc-b062-ae01d51f5d5a/4a79f119-82cd-4fe0-ac67-b041507a09384a56.jpg]
[cdn.myportfolio.com/c8489c04-75f1-4bdc-b062-ae01d51f5d5a/4a79f119-82cd-4fe0-ac67-b041507a0938_rw_120008a0.jpg]
[cdn.myportfolio.com/c8489c04-75f1-4bdc-b062-ae01d51f5d5a/9ac18b2b-e480-4c20-a0c1-c5c068588c7cc9b0.jpg]
[cdn.myportfolio.com/c8489c04-75f1-4bdc-b062-ae01d51f5d5a/9ac18b2b-e480-4c20-a0c1-c5c068588c7c_rw_1200d693.jpg]
[cdn.myportfolio.com/c8489c04-75f1-4bdc-b062-ae01d51f5d5a/6a18d7f8-44c9-4794-9cd1-88f19a8e65acea45.jpg]
[cdn.myportfolio.com/c8489c04-75f1-4bdc-b062-ae01d51f5d5a/6a18d7f8-44c9-4794-9cd1-88f19a8e65ac_rw_1200c29c.jpg]
[cdn.myportfolio.com/c8489c04-75f1-4bdc-b062-ae01d51f5d5a/01cf2b57-8171-4a0f-a708-74ed2b2ffa36c05f.jpg]
[cdn.myportfolio.com/c8489c04-75f1-4bdc-b062-ae01d51f5d5a/01cf2b57-8171-4a0f-a708-74ed2b2ffa36_rw_12000c8e.jpg]
[cdn.myportfolio.com/c8489c04-75f1-4bdc-b062-ae01d51f5d5a/e9951c88-61c3-4fa9-94cb-8dc87fbfa06d4230.jpg]
[cdn.myportfolio.com/c8489c04-75f1-4bdc-b062-ae01d51f5d5a/e9951c88-61c3-4fa9-94cb-8dc87fbfa06d_rw_12009676.jpg]
[cdn.myportfolio.com/c8489c04-75f1-4bdc-b062-ae01d51f5d5a/6b2a01ab-223c-4e5c-b564-2b2ba003fdf887b6.jpg]
[cdn.myportfolio.com/c8489c04-75f1-4bdc-b062-ae01d51f5d5a/6b2a01ab-223c-4e5c-b564-2b2ba003fdf8_rw_12000c16.jpg]
[cdn.myportfolio.com/c8489c04-75f1-4bdc-b062-ae01d51f5d5a/6f047566-994c-4f3b-8c6a-c4b74356f63c65a1.jpg]
[rentz.com.br/chanel-stealing-time.html]
[cdn.myportfolio.com/c8489c04-75f1-4bdc-b062-ae01d51f5d5a/6f047566-994c-4f3b-8c6a-c4b74356f63c_rw_12008929.jpg]
[cdn.myportfolio.com/c8489c04-75f1-4bdc-b062-ae01d51f5d5a/35016bf1-4553-48da-b18c-a3a9d17a387253e2.jpg]
[cdn.myportfolio.com/c8489c04-75f1-4bdc-b062-ae01d51f5d5a/35016bf1-4553-48da-b18c-a3a9d17a3872_rw_1200ad0d.jpg]
[cdn.myportfolio.com/c8489c04-75f1-4bdc-b062-ae01d51f5d5a/d753a17f-ae49-429f-bead-d303abdfc6af656d.jpg]
[cdn.myportfolio.com/c8489c04-75f1-4bdc-b062-ae01d51f5d5a/d753a17f-ae49-429f-bead-d303abdfc6af_rw_12002429.jpg]
[cdn.myportfolio.com/c8489c04-75f1-4bdc-b062-ae01d51f5d5a/919cefb7-b88d-48f0-9651-18c2a61c0534ed75.jpg]
[cdn.myportfolio.com/c8489c04-75f1-4bdc-b062-ae01d51f5d5a/919cefb7-b88d-48f0-9651-18c2a61c0534_rw_12003b52.jpg]
[cdn.myportfolio.com/c8489c04-75f1-4bdc-b062-ae01d51f5d5a/a242ff2c-2a15-49bb-a103-d85905ae18156261.jpg]
[cdn.myportfolio.com/c8489c04-75f1-4bdc-b062-ae01d51f5d5a/a242ff2c-2a15-49bb-a103-d85905ae1815_rw_12005d39.jpg]
[cdn.myportfolio.com/c8489c04-75f1-4bdc-b062-ae01d51f5d5a/2ed9fbcd-b6ea-41ea-9432-624819a976dccc5f.jpg]
[cdn.myportfolio.com/c8489c04-75f1-4bdc-b062-ae01d51f5d5a/2ed9fbcd-b6ea-41ea-9432-624819a976dc_rw_1200101f.jpg]
[cdn.myportfolio.com/c8489c04-75f1-4bdc-b062-ae01d51f5d5a/d71316d7-d351-41cf-bf11-4f56f108979dc908.jpg]
[cdn.myportfolio.com/c8489c04-75f1-4bdc-b062-ae01d51f5d5a/d71316d7-d351-41cf-bf11-4f56f108979d_rw_1200ccfa.jpg]
[cdn.myportfolio.com/c8489c04-75f1-4bdc-b062-ae01d51f5d5a/8a8a459d-54d1-4b19-bd74-6d87404e1886ae4d.jpg]
[cdn.myportfolio.com/c8489c04-75f1-4bdc-b062-ae01d51f5d5a/8a8a459d-54d1-4b19-bd74-6d87404e1886_rw_12007d26.jpg]
[cdn.myportfolio.com/c8489c04-75f1-4bdc-b062-ae01d51f5d5a/fcb60231-1299-4933-8949-a483477b008371e2.jpg]
[cdn.myportfolio.com/c8489c04-75f1-4bdc-b062-ae01d51f5d5a/fcb60231-1299-4933-8949-a483477b0083_rw_1200990e.jpg]
[rentz.com.br/snapchat.html]
[cdn.myportfolio.com/c8489c04-75f1-4bdc-b062-ae01d51f5d5a/7161398d-1a0d-4225-bd23-d9c75c6444e46697.jpg]
[cdn.myportfolio.com/c8489c04-75f1-4bdc-b062-ae01d51f5d5a/7161398d-1a0d-4225-bd23-d9c75c6444e4_rw_1200279a.jpg]
[cdn.myportfolio.com/c8489c04-75f1-4bdc-b062-ae01d51f5d5a/9ccadbf2-bc69-4850-85bc-01b95ea82cf91137.jpg]
[cdn.myportfolio.com/c8489c04-75f1-4bdc-b062-ae01d51f5d5a/9ccadbf2-bc69-4850-85bc-01b95ea82cf9_rw_120004c2.jpg]
[cdn.myportfolio.com/c8489c04-75f1-4bdc-b062-ae01d51f5d5a/edbeb5b8-8848-46f3-bce6-56e0a6f5b1e22bf8.jpg]
[cdn.myportfolio.com/c8489c04-75f1-4bdc-b062-ae01d51f5d5a/edbeb5b8-8848-46f3-bce6-56e0a6f5b1e2_rw_1200195e.jpg]
[cdn.myportfolio.com/c8489c04-75f1-4bdc-b062-ae01d51f5d5a/69fb44d4-8dac-4724-bf8f-8337d43c52effd63.jpg]
[cdn.myportfolio.com/c8489c04-75f1-4bdc-b062-ae01d51f5d5a/69fb44d4-8dac-4724-bf8f-8337d43c52ef_rw_12004e1b.jpg]
[cdn.myportfolio.com/c8489c04-75f1-4bdc-b062-ae01d51f5d5a/c27fe8b1-fb53-498f-bf6e-0517f226add33da5.jpg]
[cdn.myportfolio.com/c8489c04-75f1-4bdc-b062-ae01d51f5d5a/c27fe8b1-fb53-498f-bf6e-0517f226add3_rw_1200ff4f.jpg]
[cdn.myportfolio.com/c8489c04-75f1-4bdc-b062-ae01d51f5d5a/1e30a323-026d-461e-bdce-28f30304576a9603.jpg]
[cdn.myportfolio.com/c8489c04-75f1-4bdc-b062-ae01d51f5d5a/1e30a323-026d-461e-bdce-28f30304576a_rw_1200d49f.jpg]
[cdn.myportfolio.com/c8489c04-75f1-4bdc-b062-ae01d51f5d5a/91bb9e77-1ba6-4258-ab96-e6dd898867a79344.jpg]
[cdn.myportfolio.com/c8489c04-75f1-4bdc-b062-ae01d51f5d5a/91bb9e77-1ba6-4258-ab96-e6dd898867a7_rw_12006516.jpg]
[cdn.myportfolio.com/c8489c04-75f1-4bdc-b062-ae01d51f5d5a/2910fd96-1883-46f4-95a2-006e47674230d7b1.jpg]
[cdn.myportfolio.com/c8489c04-75f1-4bdc-b062-ae01d51f5d5a/2910fd96-1883-46f4-95a2-006e47674230_rw_1200ea54.jpg]
[cdn.myportfolio.com/c8489c04-75f1-4bdc-b062-ae01d51f5d5a/13418781-24a2-42eb-be75-95e1785327487794.jpg]
[cdn.myportfolio.com/c8489c04-75f1-4bdc-b062-ae01d51f5d5a/13418781-24a2-42eb-be75-95e178532748_rw_1200b1e5.jpg]
[cdn.myportfolio.com/c8489c04-75f1-4bdc-b062-ae01d51f5d5a/d6fb712d-3fd0-4f01-8eb0-82142ab4c9fdefc7.jpg]
[cdn.myportfolio.com/c8489c04-75f1-4bdc-b062-ae01d51f5d5a/d6fb712d-3fd0-4f01-8eb0-82142ab4c9fd_rw_12009707.jpg]
[rentz.com.br/snacks-br-spices.html]
[cdn.myportfolio.com/c8489c04-75f1-4bdc-b062-ae01d51f5d5a/c7a4022c-c960-46b5-8208-d0fbe03f20e8165e.jpg]
[cdn.myportfolio.com/c8489c04-75f1-4bdc-b062-ae01d51f5d5a/c7a4022c-c960-46b5-8208-d0fbe03f20e8_rw_1200e6ed.jpg]
[cdn.myportfolio.com/c8489c04-75f1-4bdc-b062-ae01d51f5d5a/4086fef4-b769-46b6-ba70-ca01e0c0d83cd5b2.jpg]
[cdn.myportfolio.com/c8489c04-75f1-4bdc-b062-ae01d51f5d5a/4086fef4-b769-46b6-ba70-ca01e0c0d83c_rw_12007650.jpg]
[cdn.myportfolio.com/c8489c04-75f1-4bdc-b062-ae01d51f5d5a/b4683843-bb70-4929-90ef-1443818c90618fd9.jpg]
[cdn.myportfolio.com/c8489c04-75f1-4bdc-b062-ae01d51f5d5a/b4683843-bb70-4929-90ef-1443818c9061_rw_120058df.jpg]
[cdn.myportfolio.com/c8489c04-75f1-4bdc-b062-ae01d51f5d5a/b5a85fca-d5b0-4845-a01e-78d992f87fbecaad.jpg]
[cdn.myportfolio.com/c8489c04-75f1-4bdc-b062-ae01d51f5d5a/b5a85fca-d5b0-4845-a01e-78d992f87fbe_rw_12006fea.jpg]
[cdn.myportfolio.com/c8489c04-75f1-4bdc-b062-ae01d51f5d5a/032e3e57-4e5a-43a4-bbb2-2709a9fa93bf624a.jpg]
[cdn.myportfolio.com/c8489c04-75f1-4bdc-b062-ae01d51f5d5a/032e3e57-4e5a-43a4-bbb2-2709a9fa93bf_rw_12003466.jpg]
[cdn.myportfolio.com/c8489c04-75f1-4bdc-b062-ae01d51f5d5a/3104795c-06e0-4dbb-b130-12a7ed0493d17630.jpg]
[cdn.myportfolio.com/c8489c04-75f1-4bdc-b062-ae01d51f5d5a/3104795c-06e0-4dbb-b130-12a7ed0493d1_rw_1200518d.jpg]
[rentz.com.br/music-school.html]
[cdn.myportfolio.com/c8489c04-75f1-4bdc-b062-ae01d51f5d5a/289ad574-0223-4b9e-b2d8-866558c60c475d63.jpg]
[cdn.myportfolio.com/c8489c04-75f1-4bdc-b062-ae01d51f5d5a/289ad574-0223-4b9e-b2d8-866558c60c47_rw_1200194a.jpg]
[cdn.myportfolio.com/c8489c04-75f1-4bdc-b062-ae01d51f5d5a/05719123-fedd-4fc2-86bd-91d326204bc43a78.jpg]
[cdn.myportfolio.com/c8489c04-75f1-4bdc-b062-ae01d51f5d5a/05719123-fedd-4fc2-86bd-91d326204bc4_rw_120037cc.jpg]
[cdn.myportfolio.com/c8489c04-75f1-4bdc-b062-ae01d51f5d5a/8ae92bb8-e546-4f13-97fb-bab37e7050756f57.jpg]
[cdn.myportfolio.com/c8489c04-75f1-4bdc-b062-ae01d51f5d5a/8ae92bb8-e546-4f13-97fb-bab37e705075_rw_1200f827.jpg]
[cdn.myportfolio.com/c8489c04-75f1-4bdc-b062-ae01d51f5d5a/d3f4a271-09fb-4487-9fd8-42a6ee728f4070fc.jpg]
[cdn.myportfolio.com/c8489c04-75f1-4bdc-b062-ae01d51f5d5a/d3f4a271-09fb-4487-9fd8-42a6ee728f40_rw_1200f28b.jpg]
[cdn.myportfolio.com/c8489c04-75f1-4bdc-b062-ae01d51f5d5a/e8b9d075-fe33-4b8e-b9d7-181cc3102462c904.jpg]
[cdn.myportfolio.com/c8489c04-75f1-4bdc-b062-ae01d51f5d5a/e8b9d075-fe33-4b8e-b9d7-181cc3102462_rw_1200b15e.jpg]
[cdn.myportfolio.com/c8489c04-75f1-4bdc-b062-ae01d51f5d5a/06d36aa6-ac39-40c2-bff4-1780d7a3dc12cc9a.jpg]
[cdn.myportfolio.com/c8489c04-75f1-4bdc-b062-ae01d51f5d5a/06d36aa6-ac39-40c2-bff4-1780d7a3dc12_rw_1200308d.jpg]
[cdn.myportfolio.com/c8489c04-75f1-4bdc-b062-ae01d51f5d5a/c6744206-c580-49c7-b82c-c816284fcea10bc3.jpg]
[cdn.myportfolio.com/c8489c04-75f1-4bdc-b062-ae01d51f5d5a/c6744206-c580-49c7-b82c-c816284fcea1_rw_12008c52.jpg]
[cdn.myportfolio.com/c8489c04-75f1-4bdc-b062-ae01d51f5d5a/d7242ad7-396c-4036-81fd-418aeaf4dde96a8d.jpg]
[cdn.myportfolio.com/c8489c04-75f1-4bdc-b062-ae01d51f5d5a/d7242ad7-396c-4036-81fd-418aeaf4dde9_rw_12008432.jpg]
[cdn.myportfolio.com/c8489c04-75f1-4bdc-b062-ae01d51f5d5a/665d278d-ec55-439f-96b1-db433b7daf2a089e.jpg]
[cdn.myportfolio.com/c8489c04-75f1-4bdc-b062-ae01d51f5d5a/665d278d-ec55-439f-96b1-db433b7daf2a_rw_1200e20b.jpg]
[cdn.myportfolio.com/c8489c04-75f1-4bdc-b062-ae01d51f5d5a/24ddd766-ecd4-431a-a10d-f6b9f73d71f97158.jpg]
[cdn.myportfolio.com/c8489c04-75f1-4bdc-b062-ae01d51f5d5a/24ddd766-ecd4-431a-a10d-f6b9f73d71f9_rw_1200d286.jpg]
[cdn.myportfolio.com/c8489c04-75f1-4bdc-b062-ae01d51f5d5a/a32b2994-f998-4300-9fad-4bd8539d03d1c676.jpg]
[cdn.myportfolio.com/c8489c04-75f1-4bdc-b062-ae01d51f5d5a/a32b2994-f998-4300-9fad-4bd8539d03d1_rw_12004b11.jpg]
[cdn.myportfolio.com/c8489c04-75f1-4bdc-b062-ae01d51f5d5a/71f70ccf-9191-4a88-abf3-828c909eb61f28ce.jpg]
[cdn.myportfolio.com/c8489c04-75f1-4bdc-b062-ae01d51f5d5a/71f70ccf-9191-4a88-abf3-828c909eb61f_rw_12003616.jpg]
[cdn.myportfolio.com/c8489c04-75f1-4bdc-b062-ae01d51f5d5a/29f0b1ef-9a43-4008-b49b-fc3fa1ded7064ee9.jpg]
[cdn.myportfolio.com/c8489c04-75f1-4bdc-b062-ae01d51f5d5a/29f0b1ef-9a43-4008-b49b-fc3fa1ded706_rw_1200ab18.jpg]
[cdn.myportfolio.com/c8489c04-75f1-4bdc-b062-ae01d51f5d5a/2d2f41a0-22d0-4474-b5c1-b3cb541f6170f009.jpg]
[cdn.myportfolio.com/c8489c04-75f1-4bdc-b062-ae01d51f5d5a/2d2f41a0-22d0-4474-b5c1-b3cb541f6170_rw_1200a54d.jpg]
[rentz.com.br/festival-de-verao.html]
[cdn.myportfolio.com/c8489c04-75f1-4bdc-b062-ae01d51f5d5a/da5fbd13-a295-4d3a-ac46-b4f502941c8acfb8.jpg]
[cdn.myportfolio.com/c8489c04-75f1-4bdc-b062-ae01d51f5d5a/da5fbd13-a295-4d3a-ac46-b4f502941c8a_rw_1200803d.jpg]
[cdn.myportfolio.com/c8489c04-75f1-4bdc-b062-ae01d51f5d5a/a8a922e6-392e-4bcc-ac82-7a5731ed7c372af4.jpg]
[cdn.myportfolio.com/c8489c04-75f1-4bdc-b062-ae01d51f5d5a/a8a922e6-392e-4bcc-ac82-7a5731ed7c37_rw_1200fb53.jpg]
[cdn.myportfolio.com/c8489c04-75f1-4bdc-b062-ae01d51f5d5a/28fee174-aba8-40e3-9eaf-a2c7b319fa7a809a.jpg]
[cdn.myportfolio.com/c8489c04-75f1-4bdc-b062-ae01d51f5d5a/28fee174-aba8-40e3-9eaf-a2c7b319fa7a_rw_1200f9f2.jpg]
[cdn.myportfolio.com/c8489c04-75f1-4bdc-b062-ae01d51f5d5a/3bb39d7c-c251-4cb7-ac8b-2f9b1014a64de27b.jpg]
[cdn.myportfolio.com/c8489c04-75f1-4bdc-b062-ae01d51f5d5a/3bb39d7c-c251-4cb7-ac8b-2f9b1014a64d_rw_120027f5.jpg]
[cdn.myportfolio.com/c8489c04-75f1-4bdc-b062-ae01d51f5d5a/b2e96cb4-e046-47a9-a6ff-c467f16288abcc09.jpg]
[cdn.myportfolio.com/c8489c04-75f1-4bdc-b062-ae01d51f5d5a/b2e96cb4-e046-47a9-a6ff-c467f16288ab_rw_1200ddbd.jpg]
[cdn.myportfolio.com/c8489c04-75f1-4bdc-b062-ae01d51f5d5a/60763d86-5519-498f-abd2-573e95b71a3f0694.jpg]
[cdn.myportfolio.com/c8489c04-75f1-4bdc-b062-ae01d51f5d5a/60763d86-5519-498f-abd2-573e95b71a3f_rw_12005ee3.jpg]
[cdn.myportfolio.com/c8489c04-75f1-4bdc-b062-ae01d51f5d5a/33e18755-45ca-417d-b936-2a1cc3fdde048715.jpg]
[cdn.myportfolio.com/c8489c04-75f1-4bdc-b062-ae01d51f5d5a/33e18755-45ca-417d-b936-2a1cc3fdde04_rw_1200517c.jpg]
[cdn.myportfolio.com/c8489c04-75f1-4bdc-b062-ae01d51f5d5a/f0d23721-33eb-4773-a38e-bfa8c71ffe574502.jpg]
[cdn.myportfolio.com/c8489c04-75f1-4bdc-b062-ae01d51f5d5a/f0d23721-33eb-4773-a38e-bfa8c71ffe57_rw_1200fd07.jpg]
[cdn.myportfolio.com/c8489c04-75f1-4bdc-b062-ae01d51f5d5a/17af1071-522f-40cf-bf85-1d82686f55034ea4.jpg]
[cdn.myportfolio.com/c8489c04-75f1-4bdc-b062-ae01d51f5d5a/17af1071-522f-40cf-bf85-1d82686f5503_rw_120082c2.jpg]
[cdn.myportfolio.com/c8489c04-75f1-4bdc-b062-ae01d51f5d5a/065362cd-8ecf-472b-b9c9-22d1973914b749c2.jpg]
[cdn.myportfolio.com/c8489c04-75f1-4bdc-b062-ae01d51f5d5a/065362cd-8ecf-472b-b9c9-22d1973914b7_rw_12008176.jpg]
[cdn.myportfolio.com/c8489c04-75f1-4bdc-b062-ae01d51f5d5a/a634fec2-da6d-4782-b59f-f347c33bdef56b8f.jpg]
[cdn.myportfolio.com/c8489c04-75f1-4bdc-b062-ae01d51f5d5a/a634fec2-da6d-4782-b59f-f347c33bdef5_rw_1200c298.jpg]
[cdn.myportfolio.com/c8489c04-75f1-4bdc-b062-ae01d51f5d5a/05cdf291-6d42-4c58-bedd-739eb5361b79eee2.jpg]
[cdn.myportfolio.com/c8489c04-75f1-4bdc-b062-ae01d51f5d5a/05cdf291-6d42-4c58-bedd-739eb5361b79_rw_120087dd.jpg]
[cdn.myportfolio.com/c8489c04-75f1-4bdc-b062-ae01d51f5d5a/8c273a0c-daab-4fa6-afcd-44955cfd669721f4.jpg]
[cdn.myportfolio.com/c8489c04-75f1-4bdc-b062-ae01d51f5d5a/8c273a0c-daab-4fa6-afcd-44955cfd6697_rw_1200da44.jpg]
[cdn.myportfolio.com/c8489c04-75f1-4bdc-b062-ae01d51f5d5a/93caf4b1-07dc-42e4-84e6-4287bb9d1529d361.jpg]
[cdn.myportfolio.com/c8489c04-75f1-4bdc-b062-ae01d51f5d5a/93caf4b1-07dc-42e4-84e6-4287bb9d1529_rw_1200f3ef.jpg]
[rentz.com.br/liquidus-ambiento.html]
[cdn.myportfolio.com/c8489c04-75f1-4bdc-b062-ae01d51f5d5a/88003316-530b-46d3-9aef-2a77822b0d5e1435.jpg]
[cdn.myportfolio.com/c8489c04-75f1-4bdc-b062-ae01d51f5d5a/88003316-530b-46d3-9aef-2a77822b0d5e_rw_1200a7e6.jpg]
[cdn.myportfolio.com/c8489c04-75f1-4bdc-b062-ae01d51f5d5a/b909ad15-6913-4844-9db6-5245674d04c72b6d.jpg]
[cdn.myportfolio.com/c8489c04-75f1-4bdc-b062-ae01d51f5d5a/b909ad15-6913-4844-9db6-5245674d04c7_rw_1200f56e.jpg]
[cdn.myportfolio.com/c8489c04-75f1-4bdc-b062-ae01d51f5d5a/c499c993-5af0-4e71-bb50-863718afded246dd.jpg]
[cdn.myportfolio.com/c8489c04-75f1-4bdc-b062-ae01d51f5d5a/c499c993-5af0-4e71-bb50-863718afded2_rw_120073d0.jpg]
[cdn.myportfolio.com/c8489c04-75f1-4bdc-b062-ae01d51f5d5a/22c4ab34-6f84-4a4e-9a25-87355300039b5241.jpg]
[cdn.myportfolio.com/c8489c04-75f1-4bdc-b062-ae01d51f5d5a/22c4ab34-6f84-4a4e-9a25-87355300039b_rw_120054bf.jpg]
[cdn.myportfolio.com/c8489c04-75f1-4bdc-b062-ae01d51f5d5a/faceae2e-5240-47ea-9beb-a0a63fc062590e29.jpg]
[cdn.myportfolio.com/c8489c04-75f1-4bdc-b062-ae01d51f5d5a/faceae2e-5240-47ea-9beb-a0a63fc06259_rw_12004d88.jpg]
[cdn.myportfolio.com/c8489c04-75f1-4bdc-b062-ae01d51f5d5a/b78a5b33-e496-4571-90ef-b678d9ecc6688706.jpg]
[cdn.myportfolio.com/c8489c04-75f1-4bdc-b062-ae01d51f5d5a/b78a5b33-e496-4571-90ef-b678d9ecc668_rw_12000bb6.jpg]
[rentz.com.br/flowers-rays.html]
[cdn.myportfolio.com/c8489c04-75f1-4bdc-b062-ae01d51f5d5a/ad0bf7d1-29bd-49bf-8561-ae2550013d637a01.jpg]
[cdn.myportfolio.com/c8489c04-75f1-4bdc-b062-ae01d51f5d5a/ad0bf7d1-29bd-49bf-8561-ae2550013d63_rw_1200cc5c.jpg]
[cdn.myportfolio.com/c8489c04-75f1-4bdc-b062-ae01d51f5d5a/3c6801c2-75f1-480b-87ac-62627aa221e078ab.jpg]
[cdn.myportfolio.com/c8489c04-75f1-4bdc-b062-ae01d51f5d5a/3c6801c2-75f1-480b-87ac-62627aa221e0_rw_1200d4e4.jpg]
[cdn.myportfolio.com/c8489c04-75f1-4bdc-b062-ae01d51f5d5a/4f589f75-058d-4859-b6cd-abba58f13552cc0d.jpg]
[cdn.myportfolio.com/c8489c04-75f1-4bdc-b062-ae01d51f5d5a/4f589f75-058d-4859-b6cd-abba58f13552_rw_12008998.jpg]
[cdn.myportfolio.com/c8489c04-75f1-4bdc-b062-ae01d51f5d5a/070278a0-41d6-4693-85f9-3eedf2e1493cf295.jpg]
[cdn.myportfolio.com/c8489c04-75f1-4bdc-b062-ae01d51f5d5a/070278a0-41d6-4693-85f9-3eedf2e1493c_rw_120008ef.jpg]
[cdn.myportfolio.com/c8489c04-75f1-4bdc-b062-ae01d51f5d5a/cac38663-a82e-414e-b68c-5fa304d63e7b8fbe.jpg]
[cdn.myportfolio.com/c8489c04-75f1-4bdc-b062-ae01d51f5d5a/cac38663-a82e-414e-b68c-5fa304d63e7b_rw_1200a113.jpg]
[rentz.com.br/veek.html]
[cdn.myportfolio.com/c8489c04-75f1-4bdc-b062-ae01d51f5d5a/522de5f5-8c5d-41b6-be00-6830f760103ff1fc.jpg]
[cdn.myportfolio.com/c8489c04-75f1-4bdc-b062-ae01d51f5d5a/522de5f5-8c5d-41b6-be00-6830f760103f_rw_12009975.jpg]
[cdn.myportfolio.com/c8489c04-75f1-4bdc-b062-ae01d51f5d5a/548d06e0-09a4-417f-9eb8-3800c9f152350462.jpg]
[cdn.myportfolio.com/c8489c04-75f1-4bdc-b062-ae01d51f5d5a/548d06e0-09a4-417f-9eb8-3800c9f15235_rw_12003bca.jpg]
[cdn.myportfolio.com/c8489c04-75f1-4bdc-b062-ae01d51f5d5a/75dd0304-3fda-4eac-82ea-224b2103edaa31bd.jpg]
[cdn.myportfolio.com/c8489c04-75f1-4bdc-b062-ae01d51f5d5a/75dd0304-3fda-4eac-82ea-224b2103edaa_rw_12005ee1.jpg]
[cdn.myportfolio.com/c8489c04-75f1-4bdc-b062-ae01d51f5d5a/f0bfcf9e-ae43-4fee-b611-0df81a4020830183.jpg]
[cdn.myportfolio.com/c8489c04-75f1-4bdc-b062-ae01d51f5d5a/f0bfcf9e-ae43-4fee-b611-0df81a402083_rw_12008307.jpg]
[cdn.myportfolio.com/c8489c04-75f1-4bdc-b062-ae01d51f5d5a/3b8dbfdf-8a5c-405d-a989-b45aa1e736dfb7b2.jpg]
[cdn.myportfolio.com/c8489c04-75f1-4bdc-b062-ae01d51f5d5a/3b8dbfdf-8a5c-405d-a989-b45aa1e736df_rw_120026ac.jpg]
[cdn.myportfolio.com/c8489c04-75f1-4bdc-b062-ae01d51f5d5a/ae79a6b7-a565-48b4-9f83-8bdb1eb4868dfad9.jpg]
[cdn.myportfolio.com/c8489c04-75f1-4bdc-b062-ae01d51f5d5a/ae79a6b7-a565-48b4-9f83-8bdb1eb4868d_rw_1200b92f.jpg]
[rentz.com.br/kamzu-cookie-shop.html]
[cdn.myportfolio.com/c8489c04-75f1-4bdc-b062-ae01d51f5d5a/c62784dc-937f-40a4-9d02-f7d11da6841ce4aa.jpg]
[cdn.myportfolio.com/c8489c04-75f1-4bdc-b062-ae01d51f5d5a/c62784dc-937f-40a4-9d02-f7d11da6841c_rw_1200e595.jpg]
[cdn.myportfolio.com/c8489c04-75f1-4bdc-b062-ae01d51f5d5a/ddfcd5a7-46cd-48de-8bf3-5295414308c12ea3.jpg]
[cdn.myportfolio.com/c8489c04-75f1-4bdc-b062-ae01d51f5d5a/ddfcd5a7-46cd-48de-8bf3-5295414308c1_rw_120030e7.jpg]
[cdn.myportfolio.com/c8489c04-75f1-4bdc-b062-ae01d51f5d5a/f45b1e58-2adb-4397-835c-03f8be86f4786c97.jpg]
[cdn.myportfolio.com/c8489c04-75f1-4bdc-b062-ae01d51f5d5a/f45b1e58-2adb-4397-835c-03f8be86f478_rw_1200166c.jpg]
[cdn.myportfolio.com/c8489c04-75f1-4bdc-b062-ae01d51f5d5a/8ded6a04-10a5-4e0b-b79a-761fe47ed63a254d.jpg]
[cdn.myportfolio.com/c8489c04-75f1-4bdc-b062-ae01d51f5d5a/8ded6a04-10a5-4e0b-b79a-761fe47ed63a_rw_1200c579.jpg]
[cdn.myportfolio.com/c8489c04-75f1-4bdc-b062-ae01d51f5d5a/ca3244d9-9656-4f40-8981-ec59ebb2626b2390.jpg]
[cdn.myportfolio.com/c8489c04-75f1-4bdc-b062-ae01d51f5d5a/ca3244d9-9656-4f40-8981-ec59ebb2626b_rw_12009da8.jpg]
[rentz.com.br/sales-app.html]
[cdn.myportfolio.com/c8489c04-75f1-4bdc-b062-ae01d51f5d5a/8674b144-cace-4be7-a9a5-cf17f02be76416d9.jpg]
[cdn.myportfolio.com/c8489c04-75f1-4bdc-b062-ae01d51f5d5a/8674b144-cace-4be7-a9a5-cf17f02be764_rw_12007c05.jpg]
[cdn.myportfolio.com/c8489c04-75f1-4bdc-b062-ae01d51f5d5a/d13a48ed-8583-4149-849b-3f65350d870db209.jpg]
[cdn.myportfolio.com/c8489c04-75f1-4bdc-b062-ae01d51f5d5a/d13a48ed-8583-4149-849b-3f65350d870d_rw_12000b7a.jpg]
[cdn.myportfolio.com/c8489c04-75f1-4bdc-b062-ae01d51f5d5a/80ebf124-c25a-4a33-b8a3-1d904ee162e99c77.jpg]
[cdn.myportfolio.com/c8489c04-75f1-4bdc-b062-ae01d51f5d5a/80ebf124-c25a-4a33-b8a3-1d904ee162e9_rw_1200b033.jpg]
[cdn.myportfolio.com/c8489c04-75f1-4bdc-b062-ae01d51f5d5a/ab440901-45ce-4ed6-95a7-a80aaca9d3303f91.jpg]
[cdn.myportfolio.com/c8489c04-75f1-4bdc-b062-ae01d51f5d5a/ab440901-45ce-4ed6-95a7-a80aaca9d330_rw_1200bfee.jpg]
[cdn.myportfolio.com/c8489c04-75f1-4bdc-b062-ae01d51f5d5a/2cb05d16-038b-4f93-8bdc-7860483496af1a91.jpg]
[cdn.myportfolio.com/c8489c04-75f1-4bdc-b062-ae01d51f5d5a/2cb05d16-038b-4f93-8bdc-7860483496af_rw_12008c82.jpg]
[cdn.myportfolio.com/c8489c04-75f1-4bdc-b062-ae01d51f5d5a/c52f23d1-9810-47d9-a9e7-ba30a64b66e06bdf.jpg]
[cdn.myportfolio.com/c8489c04-75f1-4bdc-b062-ae01d51f5d5a/c52f23d1-9810-47d9-a9e7-ba30a64b66e0_rw_1200e11e.jpg]
[rentz.com.br/jeep-renegade.html]
[cdn.myportfolio.com/c8489c04-75f1-4bdc-b062-ae01d51f5d5a/6cbaffe2-190e-42d3-b1af-5a5ad79bb18ef618.jpg]
[cdn.myportfolio.com/c8489c04-75f1-4bdc-b062-ae01d51f5d5a/6cbaffe2-190e-42d3-b1af-5a5ad79bb18e_rw_12006775.jpg]
[cdn.myportfolio.com/c8489c04-75f1-4bdc-b062-ae01d51f5d5a/45b30982-9025-4ad5-b4bf-943c0fbb61ab371f.jpg]
[cdn.myportfolio.com/c8489c04-75f1-4bdc-b062-ae01d51f5d5a/45b30982-9025-4ad5-b4bf-943c0fbb61ab_rw_12005aba.jpg]
[cdn.myportfolio.com/c8489c04-75f1-4bdc-b062-ae01d51f5d5a/200032b8-06dc-41ae-87f6-3a0ba72e7065f175.jpg]
[cdn.myportfolio.com/c8489c04-75f1-4bdc-b062-ae01d51f5d5a/200032b8-06dc-41ae-87f6-3a0ba72e7065_rw_120014bb.jpg]
[cdn.myportfolio.com/c8489c04-75f1-4bdc-b062-ae01d51f5d5a/2c564448-9784-4ca1-bdac-becfaedb2a518de1.jpg]
[cdn.myportfolio.com/c8489c04-75f1-4bdc-b062-ae01d51f5d5a/2c564448-9784-4ca1-bdac-becfaedb2a51_rw_1200a486.jpg]
[cdn.myportfolio.com/c8489c04-75f1-4bdc-b062-ae01d51f5d5a/5f874325-28a9-4eef-9a7f-28b6cb1e03734e06.jpg]
[cdn.myportfolio.com/c8489c04-75f1-4bdc-b062-ae01d51f5d5a/5f874325-28a9-4eef-9a7f-28b6cb1e0373_rw_1200e7e3.jpg]
[cdn.myportfolio.com/c8489c04-75f1-4bdc-b062-ae01d51f5d5a/9ad92092-0cbb-41f6-9d12-e96564f8e6db1181.jpg]
[cdn.myportfolio.com/c8489c04-75f1-4bdc-b062-ae01d51f5d5a/9ad92092-0cbb-41f6-9d12-e96564f8e6db_rw_12001205.jpg]
[rentz.com.br/blonde-eagle-the-queen-of-jello-fighting.html]
[cdn.myportfolio.com/c8489c04-75f1-4bdc-b062-ae01d51f5d5a/2d694727-e387-4905-8f08-099f5e52fea563f9.jpg]
[cdn.myportfolio.com/c8489c04-75f1-4bdc-b062-ae01d51f5d5a/2d694727-e387-4905-8f08-099f5e52fea5_rw_12004139.jpg]
[cdn.myportfolio.com/c8489c04-75f1-4bdc-b062-ae01d51f5d5a/43c3cd2b-0899-4ee0-8c01-521e8e5933f39f98.jpg]
[cdn.myportfolio.com/c8489c04-75f1-4bdc-b062-ae01d51f5d5a/43c3cd2b-0899-4ee0-8c01-521e8e5933f3_rw_120020ac.jpg]
[cdn.myportfolio.com/c8489c04-75f1-4bdc-b062-ae01d51f5d5a/acefa839-f167-49d8-b647-031f7d38f58fa8bd.jpg]
[cdn.myportfolio.com/c8489c04-75f1-4bdc-b062-ae01d51f5d5a/acefa839-f167-49d8-b647-031f7d38f58f_rw_1200fcf4.jpg]
[cdn.myportfolio.com/c8489c04-75f1-4bdc-b062-ae01d51f5d5a/1d71b5c3-4731-457c-a684-7fc096b2d9948654.jpg]
[cdn.myportfolio.com/c8489c04-75f1-4bdc-b062-ae01d51f5d5a/1d71b5c3-4731-457c-a684-7fc096b2d994_rw_1200f7b4.jpg]
[cdn.myportfolio.com/c8489c04-75f1-4bdc-b062-ae01d51f5d5a/ee792fd1-aab6-4d1d-b5b3-ce63ba419a89d357.jpg]
[cdn.myportfolio.com/c8489c04-75f1-4bdc-b062-ae01d51f5d5a/ee792fd1-aab6-4d1d-b5b3-ce63ba419a89_rw_1200ca8b.jpg]
[cdn.myportfolio.com/c8489c04-75f1-4bdc-b062-ae01d51f5d5a/6ebbeb9a-dfac-43ec-87e0-f1141b45bb5f5a89.jpg]
[cdn.myportfolio.com/c8489c04-75f1-4bdc-b062-ae01d51f5d5a/6ebbeb9a-dfac-43ec-87e0-f1141b45bb5f_rw_12003fb5.jpg]
[cdn.myportfolio.com/c8489c04-75f1-4bdc-b062-ae01d51f5d5a/f2d25d38-5650-48b5-b625-61bd8d9a1db8a82d.jpg]
[cdn.myportfolio.com/c8489c04-75f1-4bdc-b062-ae01d51f5d5a/f2d25d38-5650-48b5-b625-61bd8d9a1db8_rw_12001a0b.jpg]
[cdn.myportfolio.com/c8489c04-75f1-4bdc-b062-ae01d51f5d5a/6b697d70-6ea9-456d-9770-2ee38429a7ac560f.jpg]
[cdn.myportfolio.com/c8489c04-75f1-4bdc-b062-ae01d51f5d5a/6b697d70-6ea9-456d-9770-2ee38429a7ac_rw_12000664.jpg]
[rentz.com.br/moteki-no-kurobae.html]
[cdn.myportfolio.com/c8489c04-75f1-4bdc-b062-ae01d51f5d5a/01070758-d067-47cf-a055-c296aa3549c7fd90.jpg]
[cdn.myportfolio.com/c8489c04-75f1-4bdc-b062-ae01d51f5d5a/01070758-d067-47cf-a055-c296aa3549c7_rw_1200e35d.jpg]
[cdn.myportfolio.com/c8489c04-75f1-4bdc-b062-ae01d51f5d5a/21250a48-8b79-419c-b292-207ee2a8b44e7e5f.jpg]
[cdn.myportfolio.com/c8489c04-75f1-4bdc-b062-ae01d51f5d5a/21250a48-8b79-419c-b292-207ee2a8b44e_rw_1200c127.jpg]
[cdn.myportfolio.com/c8489c04-75f1-4bdc-b062-ae01d51f5d5a/778e51cb-1194-4166-a9b0-850406ba874103df.jpg]
[cdn.myportfolio.com/c8489c04-75f1-4bdc-b062-ae01d51f5d5a/778e51cb-1194-4166-a9b0-850406ba8741_rw_12004f9f.jpg]
[cdn.myportfolio.com/c8489c04-75f1-4bdc-b062-ae01d51f5d5a/17713dfc-66b6-41ba-b3e0-11da6cfa4b0aaea3.jpg]
[cdn.myportfolio.com/c8489c04-75f1-4bdc-b062-ae01d51f5d5a/17713dfc-66b6-41ba-b3e0-11da6cfa4b0a_rw_12001678.jpg]
[cdn.myportfolio.com/c8489c04-75f1-4bdc-b062-ae01d51f5d5a/7a73fe1f-fcb2-4573-ad80-7c743d923352d9b8.jpg]
[cdn.myportfolio.com/c8489c04-75f1-4bdc-b062-ae01d51f5d5a/7a73fe1f-fcb2-4573-ad80-7c743d923352_rw_1200df48.jpg]
[cdn.myportfolio.com/c8489c04-75f1-4bdc-b062-ae01d51f5d5a/214e541e-d365-4f4c-89c7-b4f3f9fd82b4ea5d.jpg]
[cdn.myportfolio.com/c8489c04-75f1-4bdc-b062-ae01d51f5d5a/214e541e-d365-4f4c-89c7-b4f3f9fd82b4_rw_12005948.jpg]
[cdn.myportfolio.com/c8489c04-75f1-4bdc-b062-ae01d51f5d5a/e968bdfe-3963-46da-b427-d47990161bf18542.jpg]
[cdn.myportfolio.com/c8489c04-75f1-4bdc-b062-ae01d51f5d5a/e968bdfe-3963-46da-b427-d47990161bf1_rw_120028c4.jpg]
[rentz.com.br/toro-el-salvaje-del-ring.html]
[cdn.myportfolio.com/c8489c04-75f1-4bdc-b062-ae01d51f5d5a/a5e54f3b-7815-4bdf-bfb3-fcfff77bdb00c98d.jpg]
[cdn.myportfolio.com/c8489c04-75f1-4bdc-b062-ae01d51f5d5a/a5e54f3b-7815-4bdf-bfb3-fcfff77bdb00_rw_12001b1c.jpg]
[cdn.myportfolio.com/c8489c04-75f1-4bdc-b062-ae01d51f5d5a/196526a2-4615-42e2-a558-d5cea13620f7f5a9.jpg]
[cdn.myportfolio.com/c8489c04-75f1-4bdc-b062-ae01d51f5d5a/196526a2-4615-42e2-a558-d5cea13620f7_rw_1200f265.jpg]
[cdn.myportfolio.com/c8489c04-75f1-4bdc-b062-ae01d51f5d5a/a83698b5-6555-4263-a766-e1a792b3b6fef5ce.jpg]
[cdn.myportfolio.com/c8489c04-75f1-4bdc-b062-ae01d51f5d5a/a83698b5-6555-4263-a766-e1a792b3b6fe_rw_1200722a.jpg]
[cdn.myportfolio.com/c8489c04-75f1-4bdc-b062-ae01d51f5d5a/1e6999d8-c461-4f26-a0c9-73313ede8c79ba6f.jpg]
[cdn.myportfolio.com/c8489c04-75f1-4bdc-b062-ae01d51f5d5a/1e6999d8-c461-4f26-a0c9-73313ede8c79_rw_12002d8b.jpg]
[cdn.myportfolio.com/c8489c04-75f1-4bdc-b062-ae01d51f5d5a/23353925-eeb5-46d1-bc2d-94e755c122c783d0.jpg]
[cdn.myportfolio.com/c8489c04-75f1-4bdc-b062-ae01d51f5d5a/23353925-eeb5-46d1-bc2d-94e755c122c7_rw_1200b8f7.jpg]
[cdn.myportfolio.com/c8489c04-75f1-4bdc-b062-ae01d51f5d5a/f8ef1019-a1dd-4457-b07c-b9b7afc295b3a529.jpg]
[cdn.myportfolio.com/c8489c04-75f1-4bdc-b062-ae01d51f5d5a/f8ef1019-a1dd-4457-b07c-b9b7afc295b3_rw_1200ddb0.jpg]
[cdn.myportfolio.com/c8489c04-75f1-4bdc-b062-ae01d51f5d5a/65c156d9-6c45-4d64-be9b-5c8e50fec9e85e7d.jpg]
[cdn.myportfolio.com/c8489c04-75f1-4bdc-b062-ae01d51f5d5a/65c156d9-6c45-4d64-be9b-5c8e50fec9e8_rw_1200eb83.jpg]
[cdn.myportfolio.com/c8489c04-75f1-4bdc-b062-ae01d51f5d5a/2905d441-5ed9-4fd8-8965-fb2e8d38c37d8e36.jpg]
[cdn.myportfolio.com/c8489c04-75f1-4bdc-b062-ae01d51f5d5a/2905d441-5ed9-4fd8-8965-fb2e8d38c37d_rw_120086bd.jpg]
[cdn.myportfolio.com/c8489c04-75f1-4bdc-b062-ae01d51f5d5a/0dbb8fa0-b3b3-4f78-8cfe-f549f046278f2f3a.jpg]
[cdn.myportfolio.com/c8489c04-75f1-4bdc-b062-ae01d51f5d5a/0dbb8fa0-b3b3-4f78-8cfe-f549f046278f_rw_1200b9b1.jpg]
[cdn.myportfolio.com/c8489c04-75f1-4bdc-b062-ae01d51f5d5a/03260005-8df4-4984-946a-f84d55fe82739037.jpg]
[cdn.myportfolio.com/c8489c04-75f1-4bdc-b062-ae01d51f5d5a/03260005-8df4-4984-946a-f84d55fe8273_rw_1200f9f4.jpg]
[cdn.myportfolio.com/c8489c04-75f1-4bdc-b062-ae01d51f5d5a/9685a205-7f69-484f-8c26-e8cd45fb17a69f96.jpg]
[cdn.myportfolio.com/c8489c04-75f1-4bdc-b062-ae01d51f5d5a/9685a205-7f69-484f-8c26-e8cd45fb17a6_rw_1200b194.jpg]
[rentz.com.br/zooreta-cereal.html]
[cdn.myportfolio.com/c8489c04-75f1-4bdc-b062-ae01d51f5d5a/b3d6466c-2e09-4b8f-81dc-219c93cc03082a1e.jpg]
[cdn.myportfolio.com/c8489c04-75f1-4bdc-b062-ae01d51f5d5a/b3d6466c-2e09-4b8f-81dc-219c93cc0308_rw_120016e5.jpg]
[cdn.myportfolio.com/c8489c04-75f1-4bdc-b062-ae01d51f5d5a/955f0aeb-3efc-423b-a8e3-1e44488ee49af37a.jpg]
[cdn.myportfolio.com/c8489c04-75f1-4bdc-b062-ae01d51f5d5a/955f0aeb-3efc-423b-a8e3-1e44488ee49a_rw_12009afc.jpg]
[cdn.myportfolio.com/c8489c04-75f1-4bdc-b062-ae01d51f5d5a/d6ded765-6b04-4c52-9378-2c1030d53cd09c9b.jpg]
[cdn.myportfolio.com/c8489c04-75f1-4bdc-b062-ae01d51f5d5a/d6ded765-6b04-4c52-9378-2c1030d53cd0_rw_1200edb1.jpg]
[cdn.myportfolio.com/c8489c04-75f1-4bdc-b062-ae01d51f5d5a/46ca3987-f21f-4338-bc0d-74137fe88d0ab4e7.jpg]
[cdn.myportfolio.com/c8489c04-75f1-4bdc-b062-ae01d51f5d5a/46ca3987-f21f-4338-bc0d-74137fe88d0a_rw_12001233.jpg]
[cdn.myportfolio.com/c8489c04-75f1-4bdc-b062-ae01d51f5d5a/747a3957-12e1-4963-b9f2-92fbe0b669ef00ca.jpg]
[cdn.myportfolio.com/c8489c04-75f1-4bdc-b062-ae01d51f5d5a/747a3957-12e1-4963-b9f2-92fbe0b669ef_rw_12002322.jpg]
[cdn.myportfolio.com/c8489c04-75f1-4bdc-b062-ae01d51f5d5a/20361f0f-7db4-45ec-8067-5dbfeb0279303311.jpg]
[cdn.myportfolio.com/c8489c04-75f1-4bdc-b062-ae01d51f5d5a/20361f0f-7db4-45ec-8067-5dbfeb027930_rw_12001ffc.jpg]
[cdn.myportfolio.com/c8489c04-75f1-4bdc-b062-ae01d51f5d5a/9d7f8e7e-34ab-42f0-b189-b9b06d57368285e1.jpg]
[rentz.com.br/editora-ftd.html]
[cdn.myportfolio.com/c8489c04-75f1-4bdc-b062-ae01d51f5d5a/9d7f8e7e-34ab-42f0-b189-b9b06d573682_rw_1200c5f3.jpg]
[cdn.myportfolio.com/c8489c04-75f1-4bdc-b062-ae01d51f5d5a/3f06f94f-de48-44b9-9eee-5b72aa9fc4ee9c3d.jpg]
[cdn.myportfolio.com/c8489c04-75f1-4bdc-b062-ae01d51f5d5a/3f06f94f-de48-44b9-9eee-5b72aa9fc4ee_rw_12001eb0.jpg]
[cdn.myportfolio.com/c8489c04-75f1-4bdc-b062-ae01d51f5d5a/8d3805e2-6dd2-4831-af42-08facb5acf03c6ef.jpg]
[cdn.myportfolio.com/c8489c04-75f1-4bdc-b062-ae01d51f5d5a/8d3805e2-6dd2-4831-af42-08facb5acf03_rw_12000030.jpg]
[cdn.myportfolio.com/c8489c04-75f1-4bdc-b062-ae01d51f5d5a/5153b674-8085-436e-8170-ae2cc55a2c083b05.jpg]
[cdn.myportfolio.com/c8489c04-75f1-4bdc-b062-ae01d51f5d5a/5153b674-8085-436e-8170-ae2cc55a2c08_rw_12002694.jpg]
[cdn.myportfolio.com/c8489c04-75f1-4bdc-b062-ae01d51f5d5a/ea23a1b8-b475-4bd8-88e9-bda8c01e4b9b43f0.jpg]
[cdn.myportfolio.com/c8489c04-75f1-4bdc-b062-ae01d51f5d5a/ea23a1b8-b475-4bd8-88e9-bda8c01e4b9b_rw_12005c2c.jpg]
[cdn.myportfolio.com/c8489c04-75f1-4bdc-b062-ae01d51f5d5a/c74789ab-5f70-4b48-aac0-e05c736cfaa836eb.jpg]
[cdn.myportfolio.com/c8489c04-75f1-4bdc-b062-ae01d51f5d5a/c74789ab-5f70-4b48-aac0-e05c736cfaa8_rw_12002305.jpg]
[cdn.myportfolio.com/c8489c04-75f1-4bdc-b062-ae01d51f5d5a/6455dee9-65a6-448a-bde2-d9ff44899f59fa8c.jpg]
[cdn.myportfolio.com/c8489c04-75f1-4bdc-b062-ae01d51f5d5a/6455dee9-65a6-448a-bde2-d9ff44899f59_rw_1200d384.jpg]
[cdn.myportfolio.com/c8489c04-75f1-4bdc-b062-ae01d51f5d5a/5a31a448-8bfa-48fb-9203-7ee7883cb315eae6.jpg]
[cdn.myportfolio.com/c8489c04-75f1-4bdc-b062-ae01d51f5d5a/5a31a448-8bfa-48fb-9203-7ee7883cb315_rw_1200fd0c.jpg]
[cdn.myportfolio.com/c8489c04-75f1-4bdc-b062-ae01d51f5d5a/17873455-8ad6-4669-a810-0edc0d3e4a7faa91.jpg]
[cdn.myportfolio.com/c8489c04-75f1-4bdc-b062-ae01d51f5d5a/17873455-8ad6-4669-a810-0edc0d3e4a7f_rw_120060ec.jpg]
[rentz.com.br/astronaut-shapes-and-colors.html]
[cdn.myportfolio.com/c8489c04-75f1-4bdc-b062-ae01d51f5d5a/24b6a8b5-cc5e-4e07-9961-a2affdf8f8734e62.jpg]
[cdn.myportfolio.com/c8489c04-75f1-4bdc-b062-ae01d51f5d5a/24b6a8b5-cc5e-4e07-9961-a2affdf8f873_rw_1200a7e3.jpg]
[cdn.myportfolio.com/c8489c04-75f1-4bdc-b062-ae01d51f5d5a/a749cd31-873b-40e0-9312-1c49409a3f382c0e.jpg]
[cdn.myportfolio.com/c8489c04-75f1-4bdc-b062-ae01d51f5d5a/a749cd31-873b-40e0-9312-1c49409a3f38_rw_1200f730.jpg]
[cdn.myportfolio.com/c8489c04-75f1-4bdc-b062-ae01d51f5d5a/039c0d59-fcf7-4528-a8db-e11c6e5b67c1a196.jpg]
[cdn.myportfolio.com/c8489c04-75f1-4bdc-b062-ae01d51f5d5a/039c0d59-fcf7-4528-a8db-e11c6e5b67c1_rw_12007062.jpg]
[rentz.com.br/enjoei.html]
[cdn.myportfolio.com/c8489c04-75f1-4bdc-b062-ae01d51f5d5a/a80d1845-9fd7-4ace-9502-8481e5f8d1bf6e01.jpg]
[cdn.myportfolio.com/c8489c04-75f1-4bdc-b062-ae01d51f5d5a/a80d1845-9fd7-4ace-9502-8481e5f8d1bf_rw_120002ad.jpg]
[cdn.myportfolio.com/c8489c04-75f1-4bdc-b062-ae01d51f5d5a/34bc3732-1f0e-4323-bcb0-87d198f9a66b14a2.jpg]
[cdn.myportfolio.com/c8489c04-75f1-4bdc-b062-ae01d51f5d5a/34bc3732-1f0e-4323-bcb0-87d198f9a66b_rw_1200ab02.jpg]
[cdn.myportfolio.com/c8489c04-75f1-4bdc-b062-ae01d51f5d5a/2db25d7f-73ea-4d49-ad01-901be6bc78454a2f.jpg]
[cdn.myportfolio.com/c8489c04-75f1-4bdc-b062-ae01d51f5d5a/2db25d7f-73ea-4d49-ad01-901be6bc7845_rw_1200dbf1.jpg]
[cdn.myportfolio.com/c8489c04-75f1-4bdc-b062-ae01d51f5d5a/499598e1-4081-4262-850f-9c8d0b14e43500ff.jpg]
[cdn.myportfolio.com/c8489c04-75f1-4bdc-b062-ae01d51f5d5a/499598e1-4081-4262-850f-9c8d0b14e435_rw_1200bee9.jpg]
[rentz.com.br/christmas-card.html]
[cdn.myportfolio.com/c8489c04-75f1-4bdc-b062-ae01d51f5d5a/b98602e2-4d72-4e58-9077-7843b7b1a0f29435.jpg]
[cdn.myportfolio.com/c8489c04-75f1-4bdc-b062-ae01d51f5d5a/b98602e2-4d72-4e58-9077-7843b7b1a0f2_rw_1200516d.jpg]
[cdn.myportfolio.com/c8489c04-75f1-4bdc-b062-ae01d51f5d5a/0f9d3767-d34a-43d6-85f6-4beedd11b7e3513a.jpg]
[cdn.myportfolio.com/c8489c04-75f1-4bdc-b062-ae01d51f5d5a/0f9d3767-d34a-43d6-85f6-4beedd11b7e3_rw_1200c419.jpg]
[cdn.myportfolio.com/c8489c04-75f1-4bdc-b062-ae01d51f5d5a/94c6bd5c-8545-4b07-96c9-43772ce9cbd8a367.jpg]
[cdn.myportfolio.com/c8489c04-75f1-4bdc-b062-ae01d51f5d5a/94c6bd5c-8545-4b07-96c9-43772ce9cbd8_rw_12002597.jpg]
[cdn.myportfolio.com/c8489c04-75f1-4bdc-b062-ae01d51f5d5a/4818b8f7-1a57-465b-adf4-531d065532b06721.jpg]
[cdn.myportfolio.com/c8489c04-75f1-4bdc-b062-ae01d51f5d5a/4818b8f7-1a57-465b-adf4-531d065532b0_rw_1200f545.jpg]
[rentz.com.br/facelab.html]
[cdn.myportfolio.com/c8489c04-75f1-4bdc-b062-ae01d51f5d5a/7d529f87-537a-4f8e-93fa-7471ad2b01df1de0.jpg]
[cdn.myportfolio.com/c8489c04-75f1-4bdc-b062-ae01d51f5d5a/7d529f87-537a-4f8e-93fa-7471ad2b01df_rw_1200cedc.jpg]
[cdn.myportfolio.com/c8489c04-75f1-4bdc-b062-ae01d51f5d5a/b3e05182-7ff2-4679-bae2-8bca9630cdf847e1.jpg]
[cdn.myportfolio.com/c8489c04-75f1-4bdc-b062-ae01d51f5d5a/b3e05182-7ff2-4679-bae2-8bca9630cdf8_rw_1200a3c3.jpg]
[cdn.myportfolio.com/c8489c04-75f1-4bdc-b062-ae01d51f5d5a/0fa14e3c-3796-4542-a506-2db8038cb50db674.jpg]
[cdn.myportfolio.com/c8489c04-75f1-4bdc-b062-ae01d51f5d5a/0fa14e3c-3796-4542-a506-2db8038cb50d_rw_1200f777.jpg]
[cdn.myportfolio.com/c8489c04-75f1-4bdc-b062-ae01d51f5d5a/2705fa5f-e4af-498b-81f9-4f927a821648c9d2.jpg]
[rentz.com.br/bike-lane-etiquette.html]
[cdn.myportfolio.com/c8489c04-75f1-4bdc-b062-ae01d51f5d5a/2705fa5f-e4af-498b-81f9-4f927a821648_rw_1200d026.jpg]
[cdn.myportfolio.com/c8489c04-75f1-4bdc-b062-ae01d51f5d5a/03f69b8a-d804-4261-913e-4af33da210de11a4.jpg]
[cdn.myportfolio.com/c8489c04-75f1-4bdc-b062-ae01d51f5d5a/03f69b8a-d804-4261-913e-4af33da210de_rw_1200b477.jpg]
[cdn.myportfolio.com/c8489c04-75f1-4bdc-b062-ae01d51f5d5a/db96a944-b8e5-4d44-80c2-8a269b497c71b8cf.jpg]
[cdn.myportfolio.com/c8489c04-75f1-4bdc-b062-ae01d51f5d5a/db96a944-b8e5-4d44-80c2-8a269b497c71_rw_12003ab6.jpg]
[cdn.myportfolio.com/c8489c04-75f1-4bdc-b062-ae01d51f5d5a/82cfaee2-6625-42b4-9950-b5a8993c76a7e2f0.jpg]
[cdn.myportfolio.com/c8489c04-75f1-4bdc-b062-ae01d51f5d5a/82cfaee2-6625-42b4-9950-b5a8993c76a7_rw_12000578.jpg]
[cdn.myportfolio.com/c8489c04-75f1-4bdc-b062-ae01d51f5d5a/9e370bf0-8bd0-4c93-85e1-c4b7c63578e7eea1.jpg]
[cdn.myportfolio.com/c8489c04-75f1-4bdc-b062-ae01d51f5d5a/9e370bf0-8bd0-4c93-85e1-c4b7c63578e7_rw_12009a1c.jpg]
[cdn.myportfolio.com/c8489c04-75f1-4bdc-b062-ae01d51f5d5a/0933a8f1-8a8a-4b22-a02f-e4ae206245271512.jpg]
[cdn.myportfolio.com/c8489c04-75f1-4bdc-b062-ae01d51f5d5a/0933a8f1-8a8a-4b22-a02f-e4ae20624527_rw_1200efbe.jpg]
[cdn.myportfolio.com/c8489c04-75f1-4bdc-b062-ae01d51f5d5a/daf4dc2a-18d6-41e8-b12b-f42e99159560907f.jpg]
[cdn.myportfolio.com/c8489c04-75f1-4bdc-b062-ae01d51f5d5a/daf4dc2a-18d6-41e8-b12b-f42e99159560_rw_1200303d.jpg]
[cdn.myportfolio.com/c8489c04-75f1-4bdc-b062-ae01d51f5d5a/00a027bd-e52f-481f-9d7c-4e5751c4e694a832.jpg]
[cdn.myportfolio.com/c8489c04-75f1-4bdc-b062-ae01d51f5d5a/00a027bd-e52f-481f-9d7c-4e5751c4e694_rw_12009f5c.jpg]
[rentz.com.br/carnaval-characters.html]
[cdn.myportfolio.com/c8489c04-75f1-4bdc-b062-ae01d51f5d5a/99bd0662-2bc7-48d9-aee7-f05ab6d5fbd108cd.jpg]
[cdn.myportfolio.com/c8489c04-75f1-4bdc-b062-ae01d51f5d5a/99bd0662-2bc7-48d9-aee7-f05ab6d5fbd1_rw_1920102c.jpg]
[cdn.myportfolio.com/c8489c04-75f1-4bdc-b062-ae01d51f5d5a/efae4129-219e-488c-b599-e43b3ea50e71cf98.jpg]
[cdn.myportfolio.com/c8489c04-75f1-4bdc-b062-ae01d51f5d5a/efae4129-219e-488c-b599-e43b3ea50e71_rw_1920b778.jpg]
[cdn.myportfolio.com/c8489c04-75f1-4bdc-b062-ae01d51f5d5a/d0c8c577-1950-4130-9440-774faddc76d9c721.jpg]
[cdn.myportfolio.com/c8489c04-75f1-4bdc-b062-ae01d51f5d5a/d0c8c577-1950-4130-9440-774faddc76d9_rw_192096a3.jpg]
[rentz.com.br/financial-education.html]
[cdn.myportfolio.com/c8489c04-75f1-4bdc-b062-ae01d51f5d5a/1b85b899-4781-4936-a229-d4224167e8a654bf.jpg]
[cdn.myportfolio.com/c8489c04-75f1-4bdc-b062-ae01d51f5d5a/1b85b899-4781-4936-a229-d4224167e8a6_rw_12004008.jpg]
[cdn.myportfolio.com/c8489c04-75f1-4bdc-b062-ae01d51f5d5a/99e6d969-d570-4663-9d5c-98764a2c1e2471d9.jpg]
[cdn.myportfolio.com/c8489c04-75f1-4bdc-b062-ae01d51f5d5a/99e6d969-d570-4663-9d5c-98764a2c1e24_rw_12005d81.jpg]
[rentz.com.br/bruce-lee.html]
[cdn.myportfolio.com/c8489c04-75f1-4bdc-b062-ae01d51f5d5a/01e87948-88c9-4f4d-9b85-feea1fc57f2dfdf8.jpg]
[cdn.myportfolio.com/c8489c04-75f1-4bdc-b062-ae01d51f5d5a/01e87948-88c9-4f4d-9b85-feea1fc57f2d_rw_1200063a.jpg]
[cdn.myportfolio.com/c8489c04-75f1-4bdc-b062-ae01d51f5d5a/fddd4155-9db3-42c5-a1bb-f7e0924cb6299ef4.jpg]
[rentz.com.br/prasemprefenomeno.html]
[cdn.myportfolio.com/c8489c04-75f1-4bdc-b062-ae01d51f5d5a/fddd4155-9db3-42c5-a1bb-f7e0924cb629_rw_1200368f.jpg]
[cdn.myportfolio.com/c8489c04-75f1-4bdc-b062-ae01d51f5d5a/8b52a2fa-8a65-4381-ba0a-4ccafeafde3598ab.jpg]
[cdn.myportfolio.com/c8489c04-75f1-4bdc-b062-ae01d51f5d5a/8b52a2fa-8a65-4381-ba0a-4ccafeafde35_rw_12000fa3.jpg]
[cdn.myportfolio.com/c8489c04-75f1-4bdc-b062-ae01d51f5d5a/2b52e6f3-769f-4791-a68b-4047151f48959348.jpg]
[cdn.myportfolio.com/c8489c04-75f1-4bdc-b062-ae01d51f5d5a/2b52e6f3-769f-4791-a68b-4047151f4895_rw_1200b46b.jpg]
[cdn.myportfolio.com/c8489c04-75f1-4bdc-b062-ae01d51f5d5a/c5e63be8-4239-48a5-bfeb-79a0e71c9f1dcd37.jpg]
[cdn.myportfolio.com/c8489c04-75f1-4bdc-b062-ae01d51f5d5a/c5e63be8-4239-48a5-bfeb-79a0e71c9f1d_rw_1200b59f.jpg]
[cdn.myportfolio.com/c8489c04-75f1-4bdc-b062-ae01d51f5d5a/376ea1e9-a353-4dd4-b303-68cc168418e1248d.jpg]
[cdn.myportfolio.com/c8489c04-75f1-4bdc-b062-ae01d51f5d5a/376ea1e9-a353-4dd4-b303-68cc168418e1_rw_120028af.jpg]
[cdn.myportfolio.com/c8489c04-75f1-4bdc-b062-ae01d51f5d5a/e5f93f62-5e33-433a-9882-029ca255e7d14047.jpg]
[cdn.myportfolio.com/c8489c04-75f1-4bdc-b062-ae01d51f5d5a/e5f93f62-5e33-433a-9882-029ca255e7d1_rw_120001f7.jpg]
[cdn.myportfolio.com/c8489c04-75f1-4bdc-b062-ae01d51f5d5a/6ce95244-3a90-466e-88f2-d559c2ed005052ae.jpg]
[cdn.myportfolio.com/c8489c04-75f1-4bdc-b062-ae01d51f5d5a/6ce95244-3a90-466e-88f2-d559c2ed0050_rw_1200f853.jpg]
[rentz.com.br/jackie-chan.html]
[cdn.myportfolio.com/c8489c04-75f1-4bdc-b062-ae01d51f5d5a/4ffd3390-b03f-4b7f-803e-cd872a0847418e16.jpg]
[cdn.myportfolio.com/c8489c04-75f1-4bdc-b062-ae01d51f5d5a/4ffd3390-b03f-4b7f-803e-cd872a084741_rw_1200d255.jpg]
[cdn.myportfolio.com/c8489c04-75f1-4bdc-b062-ae01d51f5d5a/6c177379-8d71-438d-96d6-c13dea289e85a61e.jpg]
[cdn.myportfolio.com/c8489c04-75f1-4bdc-b062-ae01d51f5d5a/6c177379-8d71-438d-96d6-c13dea289e85_rw_12002a76.jpg]
[cdn.myportfolio.com/c8489c04-75f1-4bdc-b062-ae01d51f5d5a/2f2be547-4184-492a-a3f6-9a1a7f0b7cd45fb4.jpg]
[cdn.myportfolio.com/c8489c04-75f1-4bdc-b062-ae01d51f5d5a/2f2be547-4184-492a-a3f6-9a1a7f0b7cd4_rw_120054f0.jpg]
[cdn.myportfolio.com/c8489c04-75f1-4bdc-b062-ae01d51f5d5a/b4b7caba-c83d-41c3-b745-88968bc77de363f1.jpg]
[cdn.myportfolio.com/c8489c04-75f1-4bdc-b062-ae01d51f5d5a/b4b7caba-c83d-41c3-b745-88968bc77de3_rw_1200400a.jpg]
[rentz.com.br/portal-ig.html]
[cdn.myportfolio.com/c8489c04-75f1-4bdc-b062-ae01d51f5d5a/e97e43ec-65e5-408b-9d03-52b6c7ef949e40f1.jpg]
[cdn.myportfolio.com/c8489c04-75f1-4bdc-b062-ae01d51f5d5a/e97e43ec-65e5-408b-9d03-52b6c7ef949e_rw_12006d2a.jpg]
[cdn.myportfolio.com/c8489c04-75f1-4bdc-b062-ae01d51f5d5a/e25ace17-db3c-4297-b9ac-1c203fc71af51606.jpg]
[cdn.myportfolio.com/c8489c04-75f1-4bdc-b062-ae01d51f5d5a/e25ace17-db3c-4297-b9ac-1c203fc71af5_rw_1200f956.jpg]
[cdn.myportfolio.com/c8489c04-75f1-4bdc-b062-ae01d51f5d5a/4c117f21-9247-4ab8-afa5-30ec4c0984eb663c.jpg]
[cdn.myportfolio.com/c8489c04-75f1-4bdc-b062-ae01d51f5d5a/4c117f21-9247-4ab8-afa5-30ec4c0984eb_rw_1200cb8e.jpg]
[cdn.myportfolio.com/c8489c04-75f1-4bdc-b062-ae01d51f5d5a/5e0d7e93-d4e9-4b63-8109-00fca66649104d99.jpg]
[cdn.myportfolio.com/c8489c04-75f1-4bdc-b062-ae01d51f5d5a/5e0d7e93-d4e9-4b63-8109-00fca6664910_rw_12000449.jpg]
[cdn.myportfolio.com/c8489c04-75f1-4bdc-b062-ae01d51f5d5a/3fe295d8-b817-4a74-b44a-dce75fd79029066f.jpg]
[cdn.myportfolio.com/c8489c04-75f1-4bdc-b062-ae01d51f5d5a/3fe295d8-b817-4a74-b44a-dce75fd79029_rw_1200277b.jpg]
[cdn.myportfolio.com/c8489c04-75f1-4bdc-b062-ae01d51f5d5a/d2a7f778-71cb-42b6-b054-e0d0c8d884937471.jpg]
[cdn.myportfolio.com/c8489c04-75f1-4bdc-b062-ae01d51f5d5a/d2a7f778-71cb-42b6-b054-e0d0c8d88493_rw_1200d584.jpg]
[cdn.myportfolio.com/c8489c04-75f1-4bdc-b062-ae01d51f5d5a/c2b8904b-d132-46a2-a63c-ae4eb3c4c1fed447.jpg]
[cdn.myportfolio.com/c8489c04-75f1-4bdc-b062-ae01d51f5d5a/c2b8904b-d132-46a2-a63c-ae4eb3c4c1fe_rw_12003390.jpg]
[rentz.com.br/ca-herchcovitchalexandre.html]
[cdn.myportfolio.com/c8489c04-75f1-4bdc-b062-ae01d51f5d5a/aafe4a68-4ce2-4a7d-89a8-dd310fd66760776e.jpg]
[cdn.myportfolio.com/c8489c04-75f1-4bdc-b062-ae01d51f5d5a/aafe4a68-4ce2-4a7d-89a8-dd310fd66760_rw_12001dc5.jpg]
[cdn.myportfolio.com/c8489c04-75f1-4bdc-b062-ae01d51f5d5a/d06bf556-cc8f-48be-a74d-5c8d33e57242594d.jpg]
[cdn.myportfolio.com/c8489c04-75f1-4bdc-b062-ae01d51f5d5a/d06bf556-cc8f-48be-a74d-5c8d33e57242_rw_12005bc7.jpg]
[cdn.myportfolio.com/c8489c04-75f1-4bdc-b062-ae01d51f5d5a/811d3dbb-30f4-49c9-979a-930229c9c46704f8.jpg]
[cdn.myportfolio.com/c8489c04-75f1-4bdc-b062-ae01d51f5d5a/811d3dbb-30f4-49c9-979a-930229c9c467_rw_120038c9.jpg]
[cdn.myportfolio.com/c8489c04-75f1-4bdc-b062-ae01d51f5d5a/0f2fb2da-e200-4b43-92cc-f2bc57b41aefa2ea.jpg]
[rentz.com.br/estreias-da-semana.html]
[cdn.myportfolio.com/c8489c04-75f1-4bdc-b062-ae01d51f5d5a/0f2fb2da-e200-4b43-92cc-f2bc57b41aef_rw_12009b00.jpg]
[cdn.myportfolio.com/c8489c04-75f1-4bdc-b062-ae01d51f5d5a/6b8f3f5e-15d2-445d-ab9d-c35c08a8d7f2f04e.jpg]
[cdn.myportfolio.com/c8489c04-75f1-4bdc-b062-ae01d51f5d5a/6b8f3f5e-15d2-445d-ab9d-c35c08a8d7f2_rw_12001eb8.jpg]
[cdn.myportfolio.com/c8489c04-75f1-4bdc-b062-ae01d51f5d5a/f8a94e1a-f15e-4d66-8bbf-c98ff820bdb9ad6a.jpg]
[cdn.myportfolio.com/c8489c04-75f1-4bdc-b062-ae01d51f5d5a/f8a94e1a-f15e-4d66-8bbf-c98ff820bdb9_rw_1200d151.jpg]
[cdn.myportfolio.com/c8489c04-75f1-4bdc-b062-ae01d51f5d5a/7e1abc39-204a-451e-a69c-bcf4ede8dc8b646e.jpg]
[cdn.myportfolio.com/c8489c04-75f1-4bdc-b062-ae01d51f5d5a/7e1abc39-204a-451e-a69c-bcf4ede8dc8b_rw_1200ca30.jpg]
[cdn.myportfolio.com/c8489c04-75f1-4bdc-b062-ae01d51f5d5a/3363914b-10bc-427b-bd38-2084c55d339faf66.jpg]
[cdn.myportfolio.com/c8489c04-75f1-4bdc-b062-ae01d51f5d5a/3363914b-10bc-427b-bd38-2084c55d339f_rw_1200b9c0.jpg]
[cdn.myportfolio.com/c8489c04-75f1-4bdc-b062-ae01d51f5d5a/cd3a9031-a21a-4b3a-9ff0-156bad970590f2e1.jpg]
[cdn.myportfolio.com/c8489c04-75f1-4bdc-b062-ae01d51f5d5a/cd3a9031-a21a-4b3a-9ff0-156bad970590_rw_1200c668.jpg]
[rentz.com.br/the-little-dictionary-of-behaviors.html]
[cdn.myportfolio.com/c8489c04-75f1-4bdc-b062-ae01d51f5d5a/672bd8e5-ac36-4db1-b9f1-75e4422235f75d5d.jpg]
[cdn.myportfolio.com/c8489c04-75f1-4bdc-b062-ae01d51f5d5a/672bd8e5-ac36-4db1-b9f1-75e4422235f7_rw_1200f067.jpg]
[cdn.myportfolio.com/c8489c04-75f1-4bdc-b062-ae01d51f5d5a/e38a7ed3-b8ba-4774-a639-1be23193ec091bcd.jpg]
[cdn.myportfolio.com/c8489c04-75f1-4bdc-b062-ae01d51f5d5a/e38a7ed3-b8ba-4774-a639-1be23193ec09_rw_1200444a.jpg]
[rentz.com.br/pele-and-maradona.html]
[cdn.myportfolio.com/c8489c04-75f1-4bdc-b062-ae01d51f5d5a/a48f3bc4-3fe5-4aee-9381-138b2fd9828a4b37.jpg]
[cdn.myportfolio.com/c8489c04-75f1-4bdc-b062-ae01d51f5d5a/a48f3bc4-3fe5-4aee-9381-138b2fd9828a_rw_120053f9.jpg]
[cdn.myportfolio.com/c8489c04-75f1-4bdc-b062-ae01d51f5d5a/6e7a6205-f0f4-4ed7-991d-51f3d6a0f397e2a4.jpg]
[cdn.myportfolio.com/c8489c04-75f1-4bdc-b062-ae01d51f5d5a/6e7a6205-f0f4-4ed7-991d-51f3d6a0f397_rw_12005d4b.jpg]
[cdn.myportfolio.com/c8489c04-75f1-4bdc-b062-ae01d51f5d5a/5e111e75-45dd-42b9-af1e-d446e8f415c4fdb9.jpg]
[cdn.myportfolio.com/c8489c04-75f1-4bdc-b062-ae01d51f5d5a/5e111e75-45dd-42b9-af1e-d446e8f415c4_rw_120035b7.jpg]
[cdn.myportfolio.com/c8489c04-75f1-4bdc-b062-ae01d51f5d5a/9ed00f54-a642-44d8-825b-c2872a5aadf98e9b.jpg]
[cdn.myportfolio.com/c8489c04-75f1-4bdc-b062-ae01d51f5d5a/9ed00f54-a642-44d8-825b-c2872a5aadf9_rw_12003aa3.jpg]
[cdn.myportfolio.com/c8489c04-75f1-4bdc-b062-ae01d51f5d5a/fb4ef9be-6c91-4fb4-8d5d-1a363779b408feaa.jpg]
[cdn.myportfolio.com/c8489c04-75f1-4bdc-b062-ae01d51f5d5a/fb4ef9be-6c91-4fb4-8d5d-1a363779b408_rw_1200f502.jpg]
[rentz.com.br/the-baby-guide.html]
[cdn.myportfolio.com/c8489c04-75f1-4bdc-b062-ae01d51f5d5a/10d1d7a0a0ba916f6025531e336dedd91698414657703b.css]
[cdn.myportfolio.com/c8489c04-75f1-4bdc-b062-ae01d51f5d5a/c6a7ca8eba2d040003cfce87b8d113911698414657efee.css]
[cdn.myportfolio.com/c8489c04-75f1-4bdc-b062-ae01d51f5d5a/14e091f9dc97033b33200561557f588c16984146574317.css]
[cdn.myportfolio.com/c8489c04-75f1-4bdc-b062-ae01d51f5d5a/069eceb8006a702db80c9725b6155a9c1698414657f4a0.css]
[cdn.myportfolio.com/c8489c04-75f1-4bdc-b062-ae01d51f5d5a/2f0363c6c135b9a97267845488045fea1698414657e722.css]
[cdn.myportfolio.com/c8489c04-75f1-4bdc-b062-ae01d51f5d5a/30213919488e721188e3cd3ed621a65d16984146575795.css]
[cdn.myportfolio.com/c8489c04-75f1-4bdc-b062-ae01d51f5d5a/6318ba7a1aeb1fa5045e4f8678c55d871698414657b384.css]
[cdn.myportfolio.com/c8489c04-75f1-4bdc-b062-ae01d51f5d5a/232a75dfb56e9996ee93dcb23a870b0b16984146571d85.css]
[cdn.myportfolio.com/c8489c04-75f1-4bdc-b062-ae01d51f5d5a/6c423d7e1d51c8c744ec1f4f8b13ce4916984146574fe3.css]
[cdn.myportfolio.com/c8489c04-75f1-4bdc-b062-ae01d51f5d5a/7820c5a4e2dc37260ed3469c40d2622f1698414657f8e3.css]
[cdn.myportfolio.com/c8489c04-75f1-4bdc-b062-ae01d51f5d5a/717829a48b5fad64747b7bf2f577ae731698414657b8c6.css]
